C:\USERS\ANDRE\DOWNLOADS\XBMC-360\XBMC360\LIBRARIES\LIBFFMPEG\VCPROJ\LIBAVCODEC\RELEASE\LIBAVCODEC.LIB
C:\USERS\ANDRE\DOWNLOADS\XBMC-360\XBMC360\LIBRARIES\LIBFFMPEG\VCPROJ\LIBAVCODEC\XBOX 360\RELEASE\4XM.OBJ
C:\USERS\ANDRE\DOWNLOADS\XBMC-360\XBMC360\LIBRARIES\LIBFFMPEG\VCPROJ\LIBAVCODEC\XBOX 360\RELEASE\8BPS.OBJ
C:\USERS\ANDRE\DOWNLOADS\XBMC-360\XBMC360\LIBRARIES\LIBFFMPEG\VCPROJ\LIBAVCODEC\XBOX 360\RELEASE\8SVX.OBJ
C:\USERS\ANDRE\DOWNLOADS\XBMC-360\XBMC360\LIBRARIES\LIBFFMPEG\VCPROJ\LIBAVCODEC\XBOX 360\RELEASE\AAC_AC3_PARSER.OBJ
C:\USERS\ANDRE\DOWNLOADS\XBMC-360\XBMC360\LIBRARIES\LIBFFMPEG\VCPROJ\LIBAVCODEC\XBOX 360\RELEASE\AAC_ADTSTOASC_BSF.OBJ
C:\USERS\ANDRE\DOWNLOADS\XBMC-360\XBMC360\LIBRARIES\LIBFFMPEG\VCPROJ\LIBAVCODEC\XBOX 360\RELEASE\AAC_PARSER.OBJ
C:\USERS\ANDRE\DOWNLOADS\XBMC-360\XBMC360\LIBRARIES\LIBFFMPEG\VCPROJ\LIBAVCODEC\XBOX 360\RELEASE\AACADTSDEC.OBJ
C:\USERS\ANDRE\DOWNLOADS\XBMC-360\XBMC360\LIBRARIES\LIBFFMPEG\VCPROJ\LIBAVCODEC\XBOX 360\RELEASE\AACCODER.OBJ
C:\USERS\ANDRE\DOWNLOADS\XBMC-360\XBMC360\LIBRARIES\LIBFFMPEG\VCPROJ\LIBAVCODEC\XBOX 360\RELEASE\AACDEC.OBJ
C:\USERS\ANDRE\DOWNLOADS\XBMC-360\XBMC360\LIBRARIES\LIBFFMPEG\VCPROJ\LIBAVCODEC\XBOX 360\RELEASE\AACENC.OBJ
C:\USERS\ANDRE\DOWNLOADS\XBMC-360\XBMC360\LIBRARIES\LIBFFMPEG\VCPROJ\LIBAVCODEC\XBOX 360\RELEASE\AACPS.OBJ
C:\USERS\ANDRE\DOWNLOADS\XBMC-360\XBMC360\LIBRARIES\LIBFFMPEG\VCPROJ\LIBAVCODEC\XBOX 360\RELEASE\AACPSDATA.OBJ
C:\USERS\ANDRE\DOWNLOADS\XBMC-360\XBMC360\LIBRARIES\LIBFFMPEG\VCPROJ\LIBAVCODEC\XBOX 360\RELEASE\AACPSY.OBJ
C:\USERS\ANDRE\DOWNLOADS\XBMC-360\XBMC360\LIBRARIES\LIBFFMPEG\VCPROJ\LIBAVCODEC\XBOX 360\RELEASE\AACSBR.OBJ
C:\USERS\ANDRE\DOWNLOADS\XBMC-360\XBMC360\LIBRARIES\LIBFFMPEG\VCPROJ\LIBAVCODEC\XBOX 360\RELEASE\AACTAB.OBJ
C:\USERS\ANDRE\DOWNLOADS\XBMC-360\XBMC360\LIBRARIES\LIBFFMPEG\VCPROJ\LIBAVCODEC\XBOX 360\RELEASE\AANDCTTAB.OBJ
C:\USERS\ANDRE\DOWNLOADS\XBMC-360\XBMC360\LIBRARIES\LIBFFMPEG\VCPROJ\LIBAVCODEC\XBOX 360\RELEASE\AASC.OBJ
C:\USERS\ANDRE\DOWNLOADS\XBMC-360\XBMC360\LIBRARIES\LIBFFMPEG\VCPROJ\LIBAVCODEC\XBOX 360\RELEASE\AC3.OBJ
C:\USERS\ANDRE\DOWNLOADS\XBMC-360\XBMC360\LIBRARIES\LIBFFMPEG\VCPROJ\LIBAVCODEC\XBOX 360\RELEASE\AC3_PARSER.OBJ
C:\USERS\ANDRE\DOWNLOADS\XBMC-360\XBMC360\LIBRARIES\LIBFFMPEG\VCPROJ\LIBAVCODEC\XBOX 360\RELEASE\AC3DEC.OBJ
C:\USERS\ANDRE\DOWNLOADS\XBMC-360\XBMC360\LIBRARIES\LIBFFMPEG\VCPROJ\LIBAVCODEC\XBOX 360\RELEASE\AC3DEC_DATA.OBJ
C:\USERS\ANDRE\DOWNLOADS\XBMC-360\XBMC360\LIBRARIES\LIBFFMPEG\VCPROJ\LIBAVCODEC\XBOX 360\RELEASE\AC3DSP.OBJ
C:\USERS\ANDRE\DOWNLOADS\XBMC-360\XBMC360\LIBRARIES\LIBFFMPEG\VCPROJ\LIBAVCODEC\XBOX 360\RELEASE\AC3ENC.OBJ
C:\USERS\ANDRE\DOWNLOADS\XBMC-360\XBMC360\LIBRARIES\LIBFFMPEG\VCPROJ\LIBAVCODEC\XBOX 360\RELEASE\AC3TAB.OBJ
C:\USERS\ANDRE\DOWNLOADS\XBMC-360\XBMC360\LIBRARIES\LIBFFMPEG\VCPROJ\LIBAVCODEC\XBOX 360\RELEASE\ACELP_FILTERS.OBJ
C:\USERS\ANDRE\DOWNLOADS\XBMC-360\XBMC360\LIBRARIES\LIBFFMPEG\VCPROJ\LIBAVCODEC\XBOX 360\RELEASE\ACELP_PITCH_DELAY.OBJ
C:\USERS\ANDRE\DOWNLOADS\XBMC-360\XBMC360\LIBRARIES\LIBFFMPEG\VCPROJ\LIBAVCODEC\XBOX 360\RELEASE\ACELP_VECTORS.OBJ
C:\USERS\ANDRE\DOWNLOADS\XBMC-360\XBMC360\LIBRARIES\LIBFFMPEG\VCPROJ\LIBAVCODEC\XBOX 360\RELEASE\ADPCM.OBJ
C:\USERS\ANDRE\DOWNLOADS\XBMC-360\XBMC360\LIBRARIES\LIBFFMPEG\VCPROJ\LIBAVCODEC\XBOX 360\RELEASE\ADXDEC.OBJ
C:\USERS\ANDRE\DOWNLOADS\XBMC-360\XBMC360\LIBRARIES\LIBFFMPEG\VCPROJ\LIBAVCODEC\XBOX 360\RELEASE\ADXENC.OBJ
C:\USERS\ANDRE\DOWNLOADS\XBMC-360\XBMC360\LIBRARIES\LIBFFMPEG\VCPROJ\LIBAVCODEC\XBOX 360\RELEASE\ALAC.OBJ
C:\USERS\ANDRE\DOWNLOADS\XBMC-360\XBMC360\LIBRARIES\LIBFFMPEG\VCPROJ\LIBAVCODEC\XBOX 360\RELEASE\ALACENC.OBJ
C:\USERS\ANDRE\DOWNLOADS\XBMC-360\XBMC360\LIBRARIES\LIBFFMPEG\VCPROJ\LIBAVCODEC\XBOX 360\RELEASE\ALLCODECS.OBJ
C:\USERS\ANDRE\DOWNLOADS\XBMC-360\XBMC360\LIBRARIES\LIBFFMPEG\VCPROJ\LIBAVCODEC\XBOX 360\RELEASE\ALSDEC.OBJ
C:\USERS\ANDRE\DOWNLOADS\XBMC-360\XBMC360\LIBRARIES\LIBFFMPEG\VCPROJ\LIBAVCODEC\XBOX 360\RELEASE\AMRNBDEC.OBJ
C:\USERS\ANDRE\DOWNLOADS\XBMC-360\XBMC360\LIBRARIES\LIBFFMPEG\VCPROJ\LIBAVCODEC\XBOX 360\RELEASE\ANM.OBJ
C:\USERS\ANDRE\DOWNLOADS\XBMC-360\XBMC360\LIBRARIES\LIBFFMPEG\VCPROJ\LIBAVCODEC\XBOX 360\RELEASE\APEDEC.OBJ
C:\USERS\ANDRE\DOWNLOADS\XBMC-360\XBMC360\LIBRARIES\LIBFFMPEG\VCPROJ\LIBAVCODEC\XBOX 360\RELEASE\ASV1.OBJ
C:\USERS\ANDRE\DOWNLOADS\XBMC-360\XBMC360\LIBRARIES\LIBFFMPEG\VCPROJ\LIBAVCODEC\XBOX 360\RELEASE\ATRAC.OBJ
C:\USERS\ANDRE\DOWNLOADS\XBMC-360\XBMC360\LIBRARIES\LIBFFMPEG\VCPROJ\LIBAVCODEC\XBOX 360\RELEASE\ATRAC1.OBJ
C:\USERS\ANDRE\DOWNLOADS\XBMC-360\XBMC360\LIBRARIES\LIBFFMPEG\VCPROJ\LIBAVCODEC\XBOX 360\RELEASE\ATRAC3.OBJ
C:\USERS\ANDRE\DOWNLOADS\XBMC-360\XBMC360\LIBRARIES\LIBFFMPEG\VCPROJ\LIBAVCODEC\XBOX 360\RELEASE\AUDIOCONVERT.OBJ
C:\USERS\ANDRE\DOWNLOADS\XBMC-360\XBMC360\LIBRARIES\LIBFFMPEG\VCPROJ\LIBAVCODEC\XBOX 360\RELEASE\AURA.OBJ
C:\USERS\ANDRE\DOWNLOADS\XBMC-360\XBMC360\LIBRARIES\LIBFFMPEG\VCPROJ\LIBAVCODEC\XBOX 360\RELEASE\AVFFT.OBJ
C:\USERS\ANDRE\DOWNLOADS\XBMC-360\XBMC360\LIBRARIES\LIBFFMPEG\VCPROJ\LIBAVCODEC\XBOX 360\RELEASE\AVPACKET.OBJ
C:\USERS\ANDRE\DOWNLOADS\XBMC-360\XBMC360\LIBRARIES\LIBFFMPEG\VCPROJ\LIBAVCODEC\XBOX 360\RELEASE\AVS.OBJ
C:\USERS\ANDRE\DOWNLOADS\XBMC-360\XBMC360\LIBRARIES\LIBFFMPEG\VCPROJ\LIBAVCODEC\XBOX 360\RELEASE\BETHSOFTVIDEO.OBJ
C:\USERS\ANDRE\DOWNLOADS\XBMC-360\XBMC360\LIBRARIES\LIBFFMPEG\VCPROJ\LIBAVCODEC\XBOX 360\RELEASE\BFI.OBJ
C:\USERS\ANDRE\DOWNLOADS\XBMC-360\XBMC360\LIBRARIES\LIBFFMPEG\VCPROJ\LIBAVCODEC\XBOX 360\RELEASE\BGMC.OBJ
C:\USERS\ANDRE\DOWNLOADS\XBMC-360\XBMC360\LIBRARIES\LIBFFMPEG\VCPROJ\LIBAVCODEC\XBOX 360\RELEASE\BINK.OBJ
C:\USERS\ANDRE\DOWNLOADS\XBMC-360\XBMC360\LIBRARIES\LIBFFMPEG\VCPROJ\LIBAVCODEC\XBOX 360\RELEASE\BINKAUDIO.OBJ
C:\USERS\ANDRE\DOWNLOADS\XBMC-360\XBMC360\LIBRARIES\LIBFFMPEG\VCPROJ\LIBAVCODEC\XBOX 360\RELEASE\BINKIDCT.OBJ
C:\USERS\ANDRE\DOWNLOADS\XBMC-360\XBMC360\LIBRARIES\LIBFFMPEG\VCPROJ\LIBAVCODEC\XBOX 360\RELEASE\BITSTREAM.OBJ
C:\USERS\ANDRE\DOWNLOADS\XBMC-360\XBMC360\LIBRARIES\LIBFFMPEG\VCPROJ\LIBAVCODEC\XBOX 360\RELEASE\BITSTREAM_FILTER.OBJ
C:\USERS\ANDRE\DOWNLOADS\XBMC-360\XBMC360\LIBRARIES\LIBFFMPEG\VCPROJ\LIBAVCODEC\XBOX 360\RELEASE\BMP.OBJ
C:\USERS\ANDRE\DOWNLOADS\XBMC-360\XBMC360\LIBRARIES\LIBFFMPEG\VCPROJ\LIBAVCODEC\XBOX 360\RELEASE\BMPENC.OBJ
C:\USERS\ANDRE\DOWNLOADS\XBMC-360\XBMC360\LIBRARIES\LIBFFMPEG\VCPROJ\LIBAVCODEC\XBOX 360\RELEASE\C93.OBJ
C:\USERS\ANDRE\DOWNLOADS\XBMC-360\XBMC360\LIBRARIES\LIBFFMPEG\VCPROJ\LIBAVCODEC\XBOX 360\RELEASE\CABAC.OBJ
C:\USERS\ANDRE\DOWNLOADS\XBMC-360\XBMC360\LIBRARIES\LIBFFMPEG\VCPROJ\LIBAVCODEC\XBOX 360\RELEASE\CAVS.OBJ
C:\USERS\ANDRE\DOWNLOADS\XBMC-360\XBMC360\LIBRARIES\LIBFFMPEG\VCPROJ\LIBAVCODEC\XBOX 360\RELEASE\CAVS_PARSER.OBJ
C:\USERS\ANDRE\DOWNLOADS\XBMC-360\XBMC360\LIBRARIES\LIBFFMPEG\VCPROJ\LIBAVCODEC\XBOX 360\RELEASE\CAVSDEC.OBJ
C:\USERS\ANDRE\DOWNLOADS\XBMC-360\XBMC360\LIBRARIES\LIBFFMPEG\VCPROJ\LIBAVCODEC\XBOX 360\RELEASE\CAVSDSP.OBJ
C:\USERS\ANDRE\DOWNLOADS\XBMC-360\XBMC360\LIBRARIES\LIBFFMPEG\VCPROJ\LIBAVCODEC\XBOX 360\RELEASE\CBRT.OBJ
C:\USERS\ANDRE\DOWNLOADS\XBMC-360\XBMC360\LIBRARIES\LIBFFMPEG\VCPROJ\LIBAVCODEC\XBOX 360\RELEASE\CDGRAPHICS.OBJ
C:\USERS\ANDRE\DOWNLOADS\XBMC-360\XBMC360\LIBRARIES\LIBFFMPEG\VCPROJ\LIBAVCODEC\XBOX 360\RELEASE\CELP_FILTERS.OBJ
C:\USERS\ANDRE\DOWNLOADS\XBMC-360\XBMC360\LIBRARIES\LIBFFMPEG\VCPROJ\LIBAVCODEC\XBOX 360\RELEASE\CELP_MATH.OBJ
C:\USERS\ANDRE\DOWNLOADS\XBMC-360\XBMC360\LIBRARIES\LIBFFMPEG\VCPROJ\LIBAVCODEC\XBOX 360\RELEASE\CGA_DATA.OBJ
C:\USERS\ANDRE\DOWNLOADS\XBMC-360\XBMC360\LIBRARIES\LIBFFMPEG\VCPROJ\LIBAVCODEC\XBOX 360\RELEASE\CINEPAK.OBJ
C:\Users\andre\Downloads\XBMC-360\xbmc360\libraries\libffmpeg\vcproj\libavcodec\Xbox 360\Release\cl.command.1.tlog
C:\Users\andre\Downloads\XBMC-360\xbmc360\libraries\libffmpeg\vcproj\libavcodec\Xbox 360\Release\CL.read.1.tlog
C:\Users\andre\Downloads\XBMC-360\xbmc360\libraries\libffmpeg\vcproj\libavcodec\Xbox 360\Release\CL.write.1.tlog
C:\USERS\ANDRE\DOWNLOADS\XBMC-360\XBMC360\LIBRARIES\LIBFFMPEG\VCPROJ\LIBAVCODEC\XBOX 360\RELEASE\CLJR.OBJ
C:\USERS\ANDRE\DOWNLOADS\XBMC-360\XBMC360\LIBRARIES\LIBFFMPEG\VCPROJ\LIBAVCODEC\XBOX 360\RELEASE\COOK.OBJ
C:\USERS\ANDRE\DOWNLOADS\XBMC-360\XBMC360\LIBRARIES\LIBFFMPEG\VCPROJ\LIBAVCODEC\XBOX 360\RELEASE\CSCD.OBJ
C:\USERS\ANDRE\DOWNLOADS\XBMC-360\XBMC360\LIBRARIES\LIBFFMPEG\VCPROJ\LIBAVCODEC\XBOX 360\RELEASE\CYUV.OBJ
C:\USERS\ANDRE\DOWNLOADS\XBMC-360\XBMC360\LIBRARIES\LIBFFMPEG\VCPROJ\LIBAVCODEC\XBOX 360\RELEASE\DCA.OBJ
C:\USERS\ANDRE\DOWNLOADS\XBMC-360\XBMC360\LIBRARIES\LIBFFMPEG\VCPROJ\LIBAVCODEC\XBOX 360\RELEASE\DCA_PARSER.OBJ
C:\USERS\ANDRE\DOWNLOADS\XBMC-360\XBMC360\LIBRARIES\LIBFFMPEG\VCPROJ\LIBAVCODEC\XBOX 360\RELEASE\DCADSP.OBJ
C:\USERS\ANDRE\DOWNLOADS\XBMC-360\XBMC360\LIBRARIES\LIBFFMPEG\VCPROJ\LIBAVCODEC\XBOX 360\RELEASE\DCT.OBJ
C:\USERS\ANDRE\DOWNLOADS\XBMC-360\XBMC360\LIBRARIES\LIBFFMPEG\VCPROJ\LIBAVCODEC\XBOX 360\RELEASE\DCTREF.OBJ
C:\USERS\ANDRE\DOWNLOADS\XBMC-360\XBMC360\LIBRARIES\LIBFFMPEG\VCPROJ\LIBAVCODEC\XBOX 360\RELEASE\DIRAC.OBJ
C:\USERS\ANDRE\DOWNLOADS\XBMC-360\XBMC360\LIBRARIES\LIBFFMPEG\VCPROJ\LIBAVCODEC\XBOX 360\RELEASE\DIRAC_PARSER.OBJ
C:\USERS\ANDRE\DOWNLOADS\XBMC-360\XBMC360\LIBRARIES\LIBFFMPEG\VCPROJ\LIBAVCODEC\XBOX 360\RELEASE\DNXHD_PARSER.OBJ
C:\USERS\ANDRE\DOWNLOADS\XBMC-360\XBMC360\LIBRARIES\LIBFFMPEG\VCPROJ\LIBAVCODEC\XBOX 360\RELEASE\DNXHDDATA.OBJ
C:\USERS\ANDRE\DOWNLOADS\XBMC-360\XBMC360\LIBRARIES\LIBFFMPEG\VCPROJ\LIBAVCODEC\XBOX 360\RELEASE\DNXHDDEC.OBJ
C:\USERS\ANDRE\DOWNLOADS\XBMC-360\XBMC360\LIBRARIES\LIBFFMPEG\VCPROJ\LIBAVCODEC\XBOX 360\RELEASE\DNXHDENC.OBJ
C:\USERS\ANDRE\DOWNLOADS\XBMC-360\XBMC360\LIBRARIES\LIBFFMPEG\VCPROJ\LIBAVCODEC\XBOX 360\RELEASE\DPCM.OBJ
C:\USERS\ANDRE\DOWNLOADS\XBMC-360\XBMC360\LIBRARIES\LIBFFMPEG\VCPROJ\LIBAVCODEC\XBOX 360\RELEASE\DPX.OBJ
C:\USERS\ANDRE\DOWNLOADS\XBMC-360\XBMC360\LIBRARIES\LIBFFMPEG\VCPROJ\LIBAVCODEC\XBOX 360\RELEASE\DSICINAV.OBJ
C:\USERS\ANDRE\DOWNLOADS\XBMC-360\XBMC360\LIBRARIES\LIBFFMPEG\VCPROJ\LIBAVCODEC\XBOX 360\RELEASE\DSPUTIL.OBJ
C:\USERS\ANDRE\DOWNLOADS\XBMC-360\XBMC360\LIBRARIES\LIBFFMPEG\VCPROJ\LIBAVCODEC\XBOX 360\RELEASE\DSPUTIL_PPC.OBJ
C:\USERS\ANDRE\DOWNLOADS\XBMC-360\XBMC360\LIBRARIES\LIBFFMPEG\VCPROJ\LIBAVCODEC\XBOX 360\RELEASE\DUMP_EXTRADATA_BSF.OBJ
C:\USERS\ANDRE\DOWNLOADS\XBMC-360\XBMC360\LIBRARIES\LIBFFMPEG\VCPROJ\LIBAVCODEC\XBOX 360\RELEASE\DV.OBJ
C:\USERS\ANDRE\DOWNLOADS\XBMC-360\XBMC360\LIBRARIES\LIBFFMPEG\VCPROJ\LIBAVCODEC\XBOX 360\RELEASE\DVBSUB.OBJ
C:\USERS\ANDRE\DOWNLOADS\XBMC-360\XBMC360\LIBRARIES\LIBFFMPEG\VCPROJ\LIBAVCODEC\XBOX 360\RELEASE\DVBSUB_PARSER.OBJ
C:\USERS\ANDRE\DOWNLOADS\XBMC-360\XBMC360\LIBRARIES\LIBFFMPEG\VCPROJ\LIBAVCODEC\XBOX 360\RELEASE\DVBSUBDEC.OBJ
C:\USERS\ANDRE\DOWNLOADS\XBMC-360\XBMC360\LIBRARIES\LIBFFMPEG\VCPROJ\LIBAVCODEC\XBOX 360\RELEASE\DVDATA.OBJ
C:\USERS\ANDRE\DOWNLOADS\XBMC-360\XBMC360\LIBRARIES\LIBFFMPEG\VCPROJ\LIBAVCODEC\XBOX 360\RELEASE\DVDSUB_PARSER.OBJ
C:\USERS\ANDRE\DOWNLOADS\XBMC-360\XBMC360\LIBRARIES\LIBFFMPEG\VCPROJ\LIBAVCODEC\XBOX 360\RELEASE\DVDSUBDEC.OBJ
C:\USERS\ANDRE\DOWNLOADS\XBMC-360\XBMC360\LIBRARIES\LIBFFMPEG\VCPROJ\LIBAVCODEC\XBOX 360\RELEASE\DVDSUBENC.OBJ
C:\USERS\ANDRE\DOWNLOADS\XBMC-360\XBMC360\LIBRARIES\LIBFFMPEG\VCPROJ\LIBAVCODEC\XBOX 360\RELEASE\DWT.OBJ
C:\USERS\ANDRE\DOWNLOADS\XBMC-360\XBMC360\LIBRARIES\LIBFFMPEG\VCPROJ\LIBAVCODEC\XBOX 360\RELEASE\DXA.OBJ
C:\USERS\ANDRE\DOWNLOADS\XBMC-360\XBMC360\LIBRARIES\LIBFFMPEG\VCPROJ\LIBAVCODEC\XBOX 360\RELEASE\EAC3DEC.OBJ
C:\USERS\ANDRE\DOWNLOADS\XBMC-360\XBMC360\LIBRARIES\LIBFFMPEG\VCPROJ\LIBAVCODEC\XBOX 360\RELEASE\EAC3DEC_DATA.OBJ
C:\USERS\ANDRE\DOWNLOADS\XBMC-360\XBMC360\LIBRARIES\LIBFFMPEG\VCPROJ\LIBAVCODEC\XBOX 360\RELEASE\EACMV.OBJ
C:\USERS\ANDRE\DOWNLOADS\XBMC-360\XBMC360\LIBRARIES\LIBFFMPEG\VCPROJ\LIBAVCODEC\XBOX 360\RELEASE\EAIDCT.OBJ
C:\USERS\ANDRE\DOWNLOADS\XBMC-360\XBMC360\LIBRARIES\LIBFFMPEG\VCPROJ\LIBAVCODEC\XBOX 360\RELEASE\EAMAD.OBJ
C:\USERS\ANDRE\DOWNLOADS\XBMC-360\XBMC360\LIBRARIES\LIBFFMPEG\VCPROJ\LIBAVCODEC\XBOX 360\RELEASE\EATGQ.OBJ
C:\USERS\ANDRE\DOWNLOADS\XBMC-360\XBMC360\LIBRARIES\LIBFFMPEG\VCPROJ\LIBAVCODEC\XBOX 360\RELEASE\EATGV.OBJ
C:\USERS\ANDRE\DOWNLOADS\XBMC-360\XBMC360\LIBRARIES\LIBFFMPEG\VCPROJ\LIBAVCODEC\XBOX 360\RELEASE\EATQI.OBJ
C:\USERS\ANDRE\DOWNLOADS\XBMC-360\XBMC360\LIBRARIES\LIBFFMPEG\VCPROJ\LIBAVCODEC\XBOX 360\RELEASE\ELBG.OBJ
C:\USERS\ANDRE\DOWNLOADS\XBMC-360\XBMC360\LIBRARIES\LIBFFMPEG\VCPROJ\LIBAVCODEC\XBOX 360\RELEASE\ERROR_RESILIENCE.OBJ
C:\USERS\ANDRE\DOWNLOADS\XBMC-360\XBMC360\LIBRARIES\LIBFFMPEG\VCPROJ\LIBAVCODEC\XBOX 360\RELEASE\ESCAPE124.OBJ
C:\USERS\ANDRE\DOWNLOADS\XBMC-360\XBMC360\LIBRARIES\LIBFFMPEG\VCPROJ\LIBAVCODEC\XBOX 360\RELEASE\EVAL.OBJ
C:\USERS\ANDRE\DOWNLOADS\XBMC-360\XBMC360\LIBRARIES\LIBFFMPEG\VCPROJ\LIBAVCODEC\XBOX 360\RELEASE\FAANDCT.OBJ
C:\USERS\ANDRE\DOWNLOADS\XBMC-360\XBMC360\LIBRARIES\LIBFFMPEG\VCPROJ\LIBAVCODEC\XBOX 360\RELEASE\FAANIDCT.OBJ
C:\USERS\ANDRE\DOWNLOADS\XBMC-360\XBMC360\LIBRARIES\LIBFFMPEG\VCPROJ\LIBAVCODEC\XBOX 360\RELEASE\FAXCOMPR.OBJ
C:\USERS\ANDRE\DOWNLOADS\XBMC-360\XBMC360\LIBRARIES\LIBFFMPEG\VCPROJ\LIBAVCODEC\XBOX 360\RELEASE\FFT.OBJ
C:\USERS\ANDRE\DOWNLOADS\XBMC-360\XBMC360\LIBRARIES\LIBFFMPEG\VCPROJ\LIBAVCODEC\XBOX 360\RELEASE\FFV1.OBJ
C:\USERS\ANDRE\DOWNLOADS\XBMC-360\XBMC360\LIBRARIES\LIBFFMPEG\VCPROJ\LIBAVCODEC\XBOX 360\RELEASE\FLAC.OBJ
C:\USERS\ANDRE\DOWNLOADS\XBMC-360\XBMC360\LIBRARIES\LIBFFMPEG\VCPROJ\LIBAVCODEC\XBOX 360\RELEASE\FLACDATA.OBJ
C:\USERS\ANDRE\DOWNLOADS\XBMC-360\XBMC360\LIBRARIES\LIBFFMPEG\VCPROJ\LIBAVCODEC\XBOX 360\RELEASE\FLACDEC.OBJ
C:\USERS\ANDRE\DOWNLOADS\XBMC-360\XBMC360\LIBRARIES\LIBFFMPEG\VCPROJ\LIBAVCODEC\XBOX 360\RELEASE\FLACENC.OBJ
C:\USERS\ANDRE\DOWNLOADS\XBMC-360\XBMC360\LIBRARIES\LIBFFMPEG\VCPROJ\LIBAVCODEC\XBOX 360\RELEASE\FLASHSV.OBJ
C:\USERS\ANDRE\DOWNLOADS\XBMC-360\XBMC360\LIBRARIES\LIBFFMPEG\VCPROJ\LIBAVCODEC\XBOX 360\RELEASE\FLASHSVENC.OBJ
C:\USERS\ANDRE\DOWNLOADS\XBMC-360\XBMC360\LIBRARIES\LIBFFMPEG\VCPROJ\LIBAVCODEC\XBOX 360\RELEASE\FLICVIDEO.OBJ
C:\USERS\ANDRE\DOWNLOADS\XBMC-360\XBMC360\LIBRARIES\LIBFFMPEG\VCPROJ\LIBAVCODEC\XBOX 360\RELEASE\FLVDEC.OBJ
C:\USERS\ANDRE\DOWNLOADS\XBMC-360\XBMC360\LIBRARIES\LIBFFMPEG\VCPROJ\LIBAVCODEC\XBOX 360\RELEASE\FLVENC.OBJ
C:\USERS\ANDRE\DOWNLOADS\XBMC-360\XBMC360\LIBRARIES\LIBFFMPEG\VCPROJ\LIBAVCODEC\XBOX 360\RELEASE\FMTCONVERT.OBJ
C:\USERS\ANDRE\DOWNLOADS\XBMC-360\XBMC360\LIBRARIES\LIBFFMPEG\VCPROJ\LIBAVCODEC\XBOX 360\RELEASE\FRAPS.OBJ
C:\USERS\ANDRE\DOWNLOADS\XBMC-360\XBMC360\LIBRARIES\LIBFFMPEG\VCPROJ\LIBAVCODEC\XBOX 360\RELEASE\FRWU.OBJ
C:\USERS\ANDRE\DOWNLOADS\XBMC-360\XBMC360\LIBRARIES\LIBFFMPEG\VCPROJ\LIBAVCODEC\XBOX 360\RELEASE\G726.OBJ
C:\USERS\ANDRE\DOWNLOADS\XBMC-360\XBMC360\LIBRARIES\LIBFFMPEG\VCPROJ\LIBAVCODEC\XBOX 360\RELEASE\GIF.OBJ
C:\USERS\ANDRE\DOWNLOADS\XBMC-360\XBMC360\LIBRARIES\LIBFFMPEG\VCPROJ\LIBAVCODEC\XBOX 360\RELEASE\GIFDEC.OBJ
C:\USERS\ANDRE\DOWNLOADS\XBMC-360\XBMC360\LIBRARIES\LIBFFMPEG\VCPROJ\LIBAVCODEC\XBOX 360\RELEASE\GOLOMB.OBJ
C:\USERS\ANDRE\DOWNLOADS\XBMC-360\XBMC360\LIBRARIES\LIBFFMPEG\VCPROJ\LIBAVCODEC\XBOX 360\RELEASE\H261.OBJ
C:\USERS\ANDRE\DOWNLOADS\XBMC-360\XBMC360\LIBRARIES\LIBFFMPEG\VCPROJ\LIBAVCODEC\XBOX 360\RELEASE\H261_PARSER.OBJ
C:\USERS\ANDRE\DOWNLOADS\XBMC-360\XBMC360\LIBRARIES\LIBFFMPEG\VCPROJ\LIBAVCODEC\XBOX 360\RELEASE\H261DEC.OBJ
C:\USERS\ANDRE\DOWNLOADS\XBMC-360\XBMC360\LIBRARIES\LIBFFMPEG\VCPROJ\LIBAVCODEC\XBOX 360\RELEASE\H261ENC.OBJ
C:\USERS\ANDRE\DOWNLOADS\XBMC-360\XBMC360\LIBRARIES\LIBFFMPEG\VCPROJ\LIBAVCODEC\XBOX 360\RELEASE\H263.OBJ
C:\USERS\ANDRE\DOWNLOADS\XBMC-360\XBMC360\LIBRARIES\LIBFFMPEG\VCPROJ\LIBAVCODEC\XBOX 360\RELEASE\H263_PARSER.OBJ
C:\USERS\ANDRE\DOWNLOADS\XBMC-360\XBMC360\LIBRARIES\LIBFFMPEG\VCPROJ\LIBAVCODEC\XBOX 360\RELEASE\H263DEC.OBJ
C:\USERS\ANDRE\DOWNLOADS\XBMC-360\XBMC360\LIBRARIES\LIBFFMPEG\VCPROJ\LIBAVCODEC\XBOX 360\RELEASE\H264.OBJ
C:\USERS\ANDRE\DOWNLOADS\XBMC-360\XBMC360\LIBRARIES\LIBFFMPEG\VCPROJ\LIBAVCODEC\XBOX 360\RELEASE\H264_CABAC.OBJ
C:\USERS\ANDRE\DOWNLOADS\XBMC-360\XBMC360\LIBRARIES\LIBFFMPEG\VCPROJ\LIBAVCODEC\XBOX 360\RELEASE\H264_CAVLC.OBJ
C:\USERS\ANDRE\DOWNLOADS\XBMC-360\XBMC360\LIBRARIES\LIBFFMPEG\VCPROJ\LIBAVCODEC\XBOX 360\RELEASE\H264_DIRECT.OBJ
C:\USERS\ANDRE\DOWNLOADS\XBMC-360\XBMC360\LIBRARIES\LIBFFMPEG\VCPROJ\LIBAVCODEC\XBOX 360\RELEASE\H264_HL_MOTION.OBJ
C:\USERS\ANDRE\DOWNLOADS\XBMC-360\XBMC360\LIBRARIES\LIBFFMPEG\VCPROJ\LIBAVCODEC\XBOX 360\RELEASE\H264_IDTC2_VMX.OBJ
C:\USERS\ANDRE\DOWNLOADS\XBMC-360\XBMC360\LIBRARIES\LIBFFMPEG\VCPROJ\LIBAVCODEC\XBOX 360\RELEASE\H264_LOOPFILTER.OBJ
C:\USERS\ANDRE\DOWNLOADS\XBMC-360\XBMC360\LIBRARIES\LIBFFMPEG\VCPROJ\LIBAVCODEC\XBOX 360\RELEASE\H264_LUMA_VMX.OBJ
C:\USERS\ANDRE\DOWNLOADS\XBMC-360\XBMC360\LIBRARIES\LIBFFMPEG\VCPROJ\LIBAVCODEC\XBOX 360\RELEASE\H264_MP4TOANNEXB_BSF.OBJ
C:\USERS\ANDRE\DOWNLOADS\XBMC-360\XBMC360\LIBRARIES\LIBFFMPEG\VCPROJ\LIBAVCODEC\XBOX 360\RELEASE\H264_PARSER.OBJ
C:\USERS\ANDRE\DOWNLOADS\XBMC-360\XBMC360\LIBRARIES\LIBFFMPEG\VCPROJ\LIBAVCODEC\XBOX 360\RELEASE\H264_PS.OBJ
C:\USERS\ANDRE\DOWNLOADS\XBMC-360\XBMC360\LIBRARIES\LIBFFMPEG\VCPROJ\LIBAVCODEC\XBOX 360\RELEASE\H264_REFS.OBJ
C:\USERS\ANDRE\DOWNLOADS\XBMC-360\XBMC360\LIBRARIES\LIBFFMPEG\VCPROJ\LIBAVCODEC\XBOX 360\RELEASE\H264_SEI.OBJ
C:\USERS\ANDRE\DOWNLOADS\XBMC-360\XBMC360\LIBRARIES\LIBFFMPEG\VCPROJ\LIBAVCODEC\XBOX 360\RELEASE\H264_TEST_VMX.OBJ
C:\USERS\ANDRE\DOWNLOADS\XBMC-360\XBMC360\LIBRARIES\LIBFFMPEG\VCPROJ\LIBAVCODEC\XBOX 360\RELEASE\H264DSP.OBJ
C:\USERS\ANDRE\DOWNLOADS\XBMC-360\XBMC360\LIBRARIES\LIBFFMPEG\VCPROJ\LIBAVCODEC\XBOX 360\RELEASE\H264ENC.OBJ
C:\USERS\ANDRE\DOWNLOADS\XBMC-360\XBMC360\LIBRARIES\LIBFFMPEG\VCPROJ\LIBAVCODEC\XBOX 360\RELEASE\H264IDCT.OBJ
C:\USERS\ANDRE\DOWNLOADS\XBMC-360\XBMC360\LIBRARIES\LIBFFMPEG\VCPROJ\LIBAVCODEC\XBOX 360\RELEASE\H264PRED.OBJ
C:\USERS\ANDRE\DOWNLOADS\XBMC-360\XBMC360\LIBRARIES\LIBFFMPEG\VCPROJ\LIBAVCODEC\XBOX 360\RELEASE\HUFFMAN.OBJ
C:\USERS\ANDRE\DOWNLOADS\XBMC-360\XBMC360\LIBRARIES\LIBFFMPEG\VCPROJ\LIBAVCODEC\XBOX 360\RELEASE\HUFFYUV.OBJ
C:\USERS\ANDRE\DOWNLOADS\XBMC-360\XBMC360\LIBRARIES\LIBFFMPEG\VCPROJ\LIBAVCODEC\XBOX 360\RELEASE\IDCINVIDEO.OBJ
C:\USERS\ANDRE\DOWNLOADS\XBMC-360\XBMC360\LIBRARIES\LIBFFMPEG\VCPROJ\LIBAVCODEC\XBOX 360\RELEASE\IFF.OBJ
C:\USERS\ANDRE\DOWNLOADS\XBMC-360\XBMC360\LIBRARIES\LIBFFMPEG\VCPROJ\LIBAVCODEC\XBOX 360\RELEASE\IIRFILTER.OBJ
C:\USERS\ANDRE\DOWNLOADS\XBMC-360\XBMC360\LIBRARIES\LIBFFMPEG\VCPROJ\LIBAVCODEC\XBOX 360\RELEASE\IMC.OBJ
C:\USERS\ANDRE\DOWNLOADS\XBMC-360\XBMC360\LIBRARIES\LIBFFMPEG\VCPROJ\LIBAVCODEC\XBOX 360\RELEASE\IMGCONVERT.OBJ
C:\USERS\ANDRE\DOWNLOADS\XBMC-360\XBMC360\LIBRARIES\LIBFFMPEG\VCPROJ\LIBAVCODEC\XBOX 360\RELEASE\IMX_DUMP_HEADER_BSF.OBJ
C:\USERS\ANDRE\DOWNLOADS\XBMC-360\XBMC360\LIBRARIES\LIBFFMPEG\VCPROJ\LIBAVCODEC\XBOX 360\RELEASE\INDEO2.OBJ
C:\USERS\ANDRE\DOWNLOADS\XBMC-360\XBMC360\LIBRARIES\LIBFFMPEG\VCPROJ\LIBAVCODEC\XBOX 360\RELEASE\INDEO3.OBJ
C:\USERS\ANDRE\DOWNLOADS\XBMC-360\XBMC360\LIBRARIES\LIBFFMPEG\VCPROJ\LIBAVCODEC\XBOX 360\RELEASE\INDEO5.OBJ
C:\USERS\ANDRE\DOWNLOADS\XBMC-360\XBMC360\LIBRARIES\LIBFFMPEG\VCPROJ\LIBAVCODEC\XBOX 360\RELEASE\INTELH263DEC.OBJ
C:\USERS\ANDRE\DOWNLOADS\XBMC-360\XBMC360\LIBRARIES\LIBFFMPEG\VCPROJ\LIBAVCODEC\XBOX 360\RELEASE\INTERPLAYVIDEO.OBJ
C:\USERS\ANDRE\DOWNLOADS\XBMC-360\XBMC360\LIBRARIES\LIBFFMPEG\VCPROJ\LIBAVCODEC\XBOX 360\RELEASE\INTRAX8.OBJ
C:\USERS\ANDRE\DOWNLOADS\XBMC-360\XBMC360\LIBRARIES\LIBFFMPEG\VCPROJ\LIBAVCODEC\XBOX 360\RELEASE\INTRAX8DSP.OBJ
C:\USERS\ANDRE\DOWNLOADS\XBMC-360\XBMC360\LIBRARIES\LIBFFMPEG\VCPROJ\LIBAVCODEC\XBOX 360\RELEASE\ITUH263DEC.OBJ
C:\USERS\ANDRE\DOWNLOADS\XBMC-360\XBMC360\LIBRARIES\LIBFFMPEG\VCPROJ\LIBAVCODEC\XBOX 360\RELEASE\ITUH263ENC.OBJ
C:\USERS\ANDRE\DOWNLOADS\XBMC-360\XBMC360\LIBRARIES\LIBFFMPEG\VCPROJ\LIBAVCODEC\XBOX 360\RELEASE\IVI_COMMON.OBJ
C:\USERS\ANDRE\DOWNLOADS\XBMC-360\XBMC360\LIBRARIES\LIBFFMPEG\VCPROJ\LIBAVCODEC\XBOX 360\RELEASE\IVI_DSP.OBJ
C:\USERS\ANDRE\DOWNLOADS\XBMC-360\XBMC360\LIBRARIES\LIBFFMPEG\VCPROJ\LIBAVCODEC\XBOX 360\RELEASE\JFDCTFST.OBJ
C:\USERS\ANDRE\DOWNLOADS\XBMC-360\XBMC360\LIBRARIES\LIBFFMPEG\VCPROJ\LIBAVCODEC\XBOX 360\RELEASE\JFDCTINT.OBJ
C:\USERS\ANDRE\DOWNLOADS\XBMC-360\XBMC360\LIBRARIES\LIBFFMPEG\VCPROJ\LIBAVCODEC\XBOX 360\RELEASE\JPEGLS.OBJ
C:\USERS\ANDRE\DOWNLOADS\XBMC-360\XBMC360\LIBRARIES\LIBFFMPEG\VCPROJ\LIBAVCODEC\XBOX 360\RELEASE\JPEGLSDEC.OBJ
C:\USERS\ANDRE\DOWNLOADS\XBMC-360\XBMC360\LIBRARIES\LIBFFMPEG\VCPROJ\LIBAVCODEC\XBOX 360\RELEASE\JPEGLSENC.OBJ
C:\USERS\ANDRE\DOWNLOADS\XBMC-360\XBMC360\LIBRARIES\LIBFFMPEG\VCPROJ\LIBAVCODEC\XBOX 360\RELEASE\JREVDCT.OBJ
C:\USERS\ANDRE\DOWNLOADS\XBMC-360\XBMC360\LIBRARIES\LIBFFMPEG\VCPROJ\LIBAVCODEC\XBOX 360\RELEASE\KBDWIN.OBJ
C:\USERS\ANDRE\DOWNLOADS\XBMC-360\XBMC360\LIBRARIES\LIBFFMPEG\VCPROJ\LIBAVCODEC\XBOX 360\RELEASE\KGV1DEC.OBJ
C:\USERS\ANDRE\DOWNLOADS\XBMC-360\XBMC360\LIBRARIES\LIBFFMPEG\VCPROJ\LIBAVCODEC\XBOX 360\RELEASE\KMVC.OBJ
C:\USERS\ANDRE\DOWNLOADS\XBMC-360\XBMC360\LIBRARIES\LIBFFMPEG\VCPROJ\LIBAVCODEC\XBOX 360\RELEASE\LCLDEC.OBJ
C:\USERS\ANDRE\DOWNLOADS\XBMC-360\XBMC360\LIBRARIES\LIBFFMPEG\VCPROJ\LIBAVCODEC\XBOX 360\RELEASE\LCLENC.OBJ
C:\Users\andre\Downloads\XBMC-360\xbmc360\libraries\libffmpeg\vcproj\libavcodec\Xbox 360\Release\lib.command.1.tlog
C:\Users\andre\Downloads\XBMC-360\xbmc360\libraries\libffmpeg\vcproj\libavcodec\Xbox 360\Release\libavcodec.write.1.tlog
C:\USERS\ANDRE\DOWNLOADS\XBMC-360\XBMC360\LIBRARIES\LIBFFMPEG\VCPROJ\LIBAVCODEC\XBOX 360\RELEASE\LIBDIRAC_LIBSCHRO.OBJ
C:\USERS\ANDRE\DOWNLOADS\XBMC-360\XBMC360\LIBRARIES\LIBFFMPEG\VCPROJ\LIBAVCODEC\XBOX 360\RELEASE\LIBDIRACDEC.OBJ
C:\USERS\ANDRE\DOWNLOADS\XBMC-360\XBMC360\LIBRARIES\LIBFFMPEG\VCPROJ\LIBAVCODEC\XBOX 360\RELEASE\LIBDIRACENC.OBJ
C:\USERS\ANDRE\DOWNLOADS\XBMC-360\XBMC360\LIBRARIES\LIBFFMPEG\VCPROJ\LIBAVCODEC\XBOX 360\RELEASE\LIBFAAC.OBJ
C:\USERS\ANDRE\DOWNLOADS\XBMC-360\XBMC360\LIBRARIES\LIBFFMPEG\VCPROJ\LIBAVCODEC\XBOX 360\RELEASE\LIBFAAD.OBJ
C:\USERS\ANDRE\DOWNLOADS\XBMC-360\XBMC360\LIBRARIES\LIBFFMPEG\VCPROJ\LIBAVCODEC\XBOX 360\RELEASE\LIBGSM.OBJ
C:\Users\andre\Downloads\XBMC-360\xbmc360\libraries\libffmpeg\vcproj\libavcodec\Xbox 360\Release\Lib-link.read.1.tlog
C:\Users\andre\Downloads\XBMC-360\xbmc360\libraries\libffmpeg\vcproj\libavcodec\Xbox 360\Release\Lib-link.write.1.tlog
C:\USERS\ANDRE\DOWNLOADS\XBMC-360\XBMC360\LIBRARIES\LIBFFMPEG\VCPROJ\LIBAVCODEC\XBOX 360\RELEASE\LIBMP3LAME.OBJ
C:\USERS\ANDRE\DOWNLOADS\XBMC-360\XBMC360\LIBRARIES\LIBFFMPEG\VCPROJ\LIBAVCODEC\XBOX 360\RELEASE\LIBOPENCORE-AMR.OBJ
C:\USERS\ANDRE\DOWNLOADS\XBMC-360\XBMC360\LIBRARIES\LIBFFMPEG\VCPROJ\LIBAVCODEC\XBOX 360\RELEASE\LIBOPENJPEG.OBJ
C:\USERS\ANDRE\DOWNLOADS\XBMC-360\XBMC360\LIBRARIES\LIBFFMPEG\VCPROJ\LIBAVCODEC\XBOX 360\RELEASE\LIBSCHROEDINGER.OBJ
C:\USERS\ANDRE\DOWNLOADS\XBMC-360\XBMC360\LIBRARIES\LIBFFMPEG\VCPROJ\LIBAVCODEC\XBOX 360\RELEASE\LIBSCHROEDINGERDEC.OBJ
C:\USERS\ANDRE\DOWNLOADS\XBMC-360\XBMC360\LIBRARIES\LIBFFMPEG\VCPROJ\LIBAVCODEC\XBOX 360\RELEASE\LIBSCHROEDINGERENC.OBJ
C:\USERS\ANDRE\DOWNLOADS\XBMC-360\XBMC360\LIBRARIES\LIBFFMPEG\VCPROJ\LIBAVCODEC\XBOX 360\RELEASE\LIBSPEEXDEC.OBJ
C:\USERS\ANDRE\DOWNLOADS\XBMC-360\XBMC360\LIBRARIES\LIBFFMPEG\VCPROJ\LIBAVCODEC\XBOX 360\RELEASE\LIBTHEORAENC.OBJ
C:\USERS\ANDRE\DOWNLOADS\XBMC-360\XBMC360\LIBRARIES\LIBFFMPEG\VCPROJ\LIBAVCODEC\XBOX 360\RELEASE\LIBVORBIS.OBJ
C:\USERS\ANDRE\DOWNLOADS\XBMC-360\XBMC360\LIBRARIES\LIBFFMPEG\VCPROJ\LIBAVCODEC\XBOX 360\RELEASE\LIBVPXDEC.OBJ
C:\USERS\ANDRE\DOWNLOADS\XBMC-360\XBMC360\LIBRARIES\LIBFFMPEG\VCPROJ\LIBAVCODEC\XBOX 360\RELEASE\LIBVPXENC.OBJ
C:\USERS\ANDRE\DOWNLOADS\XBMC-360\XBMC360\LIBRARIES\LIBFFMPEG\VCPROJ\LIBAVCODEC\XBOX 360\RELEASE\LIBX264.OBJ
C:\USERS\ANDRE\DOWNLOADS\XBMC-360\XBMC360\LIBRARIES\LIBFFMPEG\VCPROJ\LIBAVCODEC\XBOX 360\RELEASE\LIBXVID_RC.OBJ
C:\USERS\ANDRE\DOWNLOADS\XBMC-360\XBMC360\LIBRARIES\LIBFFMPEG\VCPROJ\LIBAVCODEC\XBOX 360\RELEASE\LIBXVIDFF.OBJ
C:\USERS\ANDRE\DOWNLOADS\XBMC-360\XBMC360\LIBRARIES\LIBFFMPEG\VCPROJ\LIBAVCODEC\XBOX 360\RELEASE\LJPEGENC.OBJ
C:\USERS\ANDRE\DOWNLOADS\XBMC-360\XBMC360\LIBRARIES\LIBFFMPEG\VCPROJ\LIBAVCODEC\XBOX 360\RELEASE\LOCO.OBJ
C:\USERS\ANDRE\DOWNLOADS\XBMC-360\XBMC360\LIBRARIES\LIBFFMPEG\VCPROJ\LIBAVCODEC\XBOX 360\RELEASE\LPC.OBJ
C:\USERS\ANDRE\DOWNLOADS\XBMC-360\XBMC360\LIBRARIES\LIBFFMPEG\VCPROJ\LIBAVCODEC\XBOX 360\RELEASE\LSP.OBJ
C:\USERS\ANDRE\DOWNLOADS\XBMC-360\XBMC360\LIBRARIES\LIBFFMPEG\VCPROJ\LIBAVCODEC\XBOX 360\RELEASE\LZW.OBJ
C:\USERS\ANDRE\DOWNLOADS\XBMC-360\XBMC360\LIBRARIES\LIBFFMPEG\VCPROJ\LIBAVCODEC\XBOX 360\RELEASE\LZWENC.OBJ
C:\USERS\ANDRE\DOWNLOADS\XBMC-360\XBMC360\LIBRARIES\LIBFFMPEG\VCPROJ\LIBAVCODEC\XBOX 360\RELEASE\MACE.OBJ
C:\USERS\ANDRE\DOWNLOADS\XBMC-360\XBMC360\LIBRARIES\LIBFFMPEG\VCPROJ\LIBAVCODEC\XBOX 360\RELEASE\MDCT.OBJ
C:\USERS\ANDRE\DOWNLOADS\XBMC-360\XBMC360\LIBRARIES\LIBFFMPEG\VCPROJ\LIBAVCODEC\XBOX 360\RELEASE\MDEC.OBJ
C:\USERS\ANDRE\DOWNLOADS\XBMC-360\XBMC360\LIBRARIES\LIBFFMPEG\VCPROJ\LIBAVCODEC\XBOX 360\RELEASE\MIMIC.OBJ
C:\USERS\ANDRE\DOWNLOADS\XBMC-360\XBMC360\LIBRARIES\LIBFFMPEG\VCPROJ\LIBAVCODEC\XBOX 360\RELEASE\MJPEG.OBJ
C:\USERS\ANDRE\DOWNLOADS\XBMC-360\XBMC360\LIBRARIES\LIBFFMPEG\VCPROJ\LIBAVCODEC\XBOX 360\RELEASE\MJPEG_PARSER.OBJ
C:\USERS\ANDRE\DOWNLOADS\XBMC-360\XBMC360\LIBRARIES\LIBFFMPEG\VCPROJ\LIBAVCODEC\XBOX 360\RELEASE\MJPEGA_DUMP_HEADER_BSF.OBJ
C:\USERS\ANDRE\DOWNLOADS\XBMC-360\XBMC360\LIBRARIES\LIBFFMPEG\VCPROJ\LIBAVCODEC\XBOX 360\RELEASE\MJPEGBDEC.OBJ
C:\USERS\ANDRE\DOWNLOADS\XBMC-360\XBMC360\LIBRARIES\LIBFFMPEG\VCPROJ\LIBAVCODEC\XBOX 360\RELEASE\MJPEGDEC.OBJ
C:\USERS\ANDRE\DOWNLOADS\XBMC-360\XBMC360\LIBRARIES\LIBFFMPEG\VCPROJ\LIBAVCODEC\XBOX 360\RELEASE\MJPEGENC.OBJ
C:\USERS\ANDRE\DOWNLOADS\XBMC-360\XBMC360\LIBRARIES\LIBFFMPEG\VCPROJ\LIBAVCODEC\XBOX 360\RELEASE\MLP.OBJ
C:\USERS\ANDRE\DOWNLOADS\XBMC-360\XBMC360\LIBRARIES\LIBFFMPEG\VCPROJ\LIBAVCODEC\XBOX 360\RELEASE\MLP_PARSER.OBJ
C:\USERS\ANDRE\DOWNLOADS\XBMC-360\XBMC360\LIBRARIES\LIBFFMPEG\VCPROJ\LIBAVCODEC\XBOX 360\RELEASE\MLPDEC.OBJ
C:\USERS\ANDRE\DOWNLOADS\XBMC-360\XBMC360\LIBRARIES\LIBFFMPEG\VCPROJ\LIBAVCODEC\XBOX 360\RELEASE\MLPDSP.OBJ
C:\USERS\ANDRE\DOWNLOADS\XBMC-360\XBMC360\LIBRARIES\LIBFFMPEG\VCPROJ\LIBAVCODEC\XBOX 360\RELEASE\MMVIDEO.OBJ
C:\USERS\ANDRE\DOWNLOADS\XBMC-360\XBMC360\LIBRARIES\LIBFFMPEG\VCPROJ\LIBAVCODEC\XBOX 360\RELEASE\MOTION_EST.OBJ
C:\USERS\ANDRE\DOWNLOADS\XBMC-360\XBMC360\LIBRARIES\LIBFFMPEG\VCPROJ\LIBAVCODEC\XBOX 360\RELEASE\MOTIONPIXELS.OBJ
C:\USERS\ANDRE\DOWNLOADS\XBMC-360\XBMC360\LIBRARIES\LIBFFMPEG\VCPROJ\LIBAVCODEC\XBOX 360\RELEASE\MOVSUB_BSF.OBJ
C:\USERS\ANDRE\DOWNLOADS\XBMC-360\XBMC360\LIBRARIES\LIBFFMPEG\VCPROJ\LIBAVCODEC\XBOX 360\RELEASE\MP3_HEADER_COMPRESS_BSF.OBJ
C:\USERS\ANDRE\DOWNLOADS\XBMC-360\XBMC360\LIBRARIES\LIBFFMPEG\VCPROJ\LIBAVCODEC\XBOX 360\RELEASE\MP3_HEADER_DECOMPRESS_BSF.OBJ
C:\USERS\ANDRE\DOWNLOADS\XBMC-360\XBMC360\LIBRARIES\LIBFFMPEG\VCPROJ\LIBAVCODEC\XBOX 360\RELEASE\MPC.OBJ
C:\USERS\ANDRE\DOWNLOADS\XBMC-360\XBMC360\LIBRARIES\LIBFFMPEG\VCPROJ\LIBAVCODEC\XBOX 360\RELEASE\MPC7.OBJ
C:\USERS\ANDRE\DOWNLOADS\XBMC-360\XBMC360\LIBRARIES\LIBFFMPEG\VCPROJ\LIBAVCODEC\XBOX 360\RELEASE\MPC8.OBJ
C:\USERS\ANDRE\DOWNLOADS\XBMC-360\XBMC360\LIBRARIES\LIBFFMPEG\VCPROJ\LIBAVCODEC\XBOX 360\RELEASE\MPEG12.OBJ
C:\USERS\ANDRE\DOWNLOADS\XBMC-360\XBMC360\LIBRARIES\LIBFFMPEG\VCPROJ\LIBAVCODEC\XBOX 360\RELEASE\MPEG12DATA.OBJ
C:\USERS\ANDRE\DOWNLOADS\XBMC-360\XBMC360\LIBRARIES\LIBFFMPEG\VCPROJ\LIBAVCODEC\XBOX 360\RELEASE\MPEG12ENC.OBJ
C:\USERS\ANDRE\DOWNLOADS\XBMC-360\XBMC360\LIBRARIES\LIBFFMPEG\VCPROJ\LIBAVCODEC\XBOX 360\RELEASE\MPEG4AUDIO.OBJ
C:\USERS\ANDRE\DOWNLOADS\XBMC-360\XBMC360\LIBRARIES\LIBFFMPEG\VCPROJ\LIBAVCODEC\XBOX 360\RELEASE\MPEG4VIDEO.OBJ
C:\USERS\ANDRE\DOWNLOADS\XBMC-360\XBMC360\LIBRARIES\LIBFFMPEG\VCPROJ\LIBAVCODEC\XBOX 360\RELEASE\MPEG4VIDEO_PARSER.OBJ
C:\USERS\ANDRE\DOWNLOADS\XBMC-360\XBMC360\LIBRARIES\LIBFFMPEG\VCPROJ\LIBAVCODEC\XBOX 360\RELEASE\MPEG4VIDEODEC.OBJ
C:\USERS\ANDRE\DOWNLOADS\XBMC-360\XBMC360\LIBRARIES\LIBFFMPEG\VCPROJ\LIBAVCODEC\XBOX 360\RELEASE\MPEG4VIDEOENC.OBJ
C:\USERS\ANDRE\DOWNLOADS\XBMC-360\XBMC360\LIBRARIES\LIBFFMPEG\VCPROJ\LIBAVCODEC\XBOX 360\RELEASE\MPEGAUDIO.OBJ
C:\USERS\ANDRE\DOWNLOADS\XBMC-360\XBMC360\LIBRARIES\LIBFFMPEG\VCPROJ\LIBAVCODEC\XBOX 360\RELEASE\MPEGAUDIO_PARSER.OBJ
C:\USERS\ANDRE\DOWNLOADS\XBMC-360\XBMC360\LIBRARIES\LIBFFMPEG\VCPROJ\LIBAVCODEC\XBOX 360\RELEASE\MPEGAUDIODATA.OBJ
C:\USERS\ANDRE\DOWNLOADS\XBMC-360\XBMC360\LIBRARIES\LIBFFMPEG\VCPROJ\LIBAVCODEC\XBOX 360\RELEASE\MPEGAUDIODEC.OBJ
C:\USERS\ANDRE\DOWNLOADS\XBMC-360\XBMC360\LIBRARIES\LIBFFMPEG\VCPROJ\LIBAVCODEC\XBOX 360\RELEASE\MPEGAUDIODECHEADER.OBJ
C:\USERS\ANDRE\DOWNLOADS\XBMC-360\XBMC360\LIBRARIES\LIBFFMPEG\VCPROJ\LIBAVCODEC\XBOX 360\RELEASE\MPEGAUDIOENC.OBJ
C:\USERS\ANDRE\DOWNLOADS\XBMC-360\XBMC360\LIBRARIES\LIBFFMPEG\VCPROJ\LIBAVCODEC\XBOX 360\RELEASE\MPEGVIDEO.OBJ
C:\USERS\ANDRE\DOWNLOADS\XBMC-360\XBMC360\LIBRARIES\LIBFFMPEG\VCPROJ\LIBAVCODEC\XBOX 360\RELEASE\MPEGVIDEO_ENC.OBJ
C:\USERS\ANDRE\DOWNLOADS\XBMC-360\XBMC360\LIBRARIES\LIBFFMPEG\VCPROJ\LIBAVCODEC\XBOX 360\RELEASE\MPEGVIDEO_PARSER.OBJ
C:\USERS\ANDRE\DOWNLOADS\XBMC-360\XBMC360\LIBRARIES\LIBFFMPEG\VCPROJ\LIBAVCODEC\XBOX 360\RELEASE\MPEGVIDEO_XVMC.OBJ
C:\USERS\ANDRE\DOWNLOADS\XBMC-360\XBMC360\LIBRARIES\LIBFFMPEG\VCPROJ\LIBAVCODEC\XBOX 360\RELEASE\MSMPEG4.OBJ
C:\USERS\ANDRE\DOWNLOADS\XBMC-360\XBMC360\LIBRARIES\LIBFFMPEG\VCPROJ\LIBAVCODEC\XBOX 360\RELEASE\MSMPEG4DATA.OBJ
C:\USERS\ANDRE\DOWNLOADS\XBMC-360\XBMC360\LIBRARIES\LIBFFMPEG\VCPROJ\LIBAVCODEC\XBOX 360\RELEASE\MSRLE.OBJ
C:\USERS\ANDRE\DOWNLOADS\XBMC-360\XBMC360\LIBRARIES\LIBFFMPEG\VCPROJ\LIBAVCODEC\XBOX 360\RELEASE\MSRLEDEC.OBJ
C:\USERS\ANDRE\DOWNLOADS\XBMC-360\XBMC360\LIBRARIES\LIBFFMPEG\VCPROJ\LIBAVCODEC\XBOX 360\RELEASE\MSVIDEO1.OBJ
C:\USERS\ANDRE\DOWNLOADS\XBMC-360\XBMC360\LIBRARIES\LIBFFMPEG\VCPROJ\LIBAVCODEC\XBOX 360\RELEASE\NELLYMOSER.OBJ
C:\USERS\ANDRE\DOWNLOADS\XBMC-360\XBMC360\LIBRARIES\LIBFFMPEG\VCPROJ\LIBAVCODEC\XBOX 360\RELEASE\NELLYMOSERDEC.OBJ
C:\USERS\ANDRE\DOWNLOADS\XBMC-360\XBMC360\LIBRARIES\LIBFFMPEG\VCPROJ\LIBAVCODEC\XBOX 360\RELEASE\NELLYMOSERENC.OBJ
C:\USERS\ANDRE\DOWNLOADS\XBMC-360\XBMC360\LIBRARIES\LIBFFMPEG\VCPROJ\LIBAVCODEC\XBOX 360\RELEASE\NOISE_BSF.OBJ
C:\USERS\ANDRE\DOWNLOADS\XBMC-360\XBMC360\LIBRARIES\LIBFFMPEG\VCPROJ\LIBAVCODEC\XBOX 360\RELEASE\NUV.OBJ
C:\USERS\ANDRE\DOWNLOADS\XBMC-360\XBMC360\LIBRARIES\LIBFFMPEG\VCPROJ\LIBAVCODEC\XBOX 360\RELEASE\OPT.OBJ
C:\USERS\ANDRE\DOWNLOADS\XBMC-360\XBMC360\LIBRARIES\LIBFFMPEG\VCPROJ\LIBAVCODEC\XBOX 360\RELEASE\OPTIONS.OBJ
C:\USERS\ANDRE\DOWNLOADS\XBMC-360\XBMC360\LIBRARIES\LIBFFMPEG\VCPROJ\LIBAVCODEC\XBOX 360\RELEASE\PAMENC.OBJ
C:\USERS\ANDRE\DOWNLOADS\XBMC-360\XBMC360\LIBRARIES\LIBFFMPEG\VCPROJ\LIBAVCODEC\XBOX 360\RELEASE\PARSER.OBJ
C:\USERS\ANDRE\DOWNLOADS\XBMC-360\XBMC360\LIBRARIES\LIBFFMPEG\VCPROJ\LIBAVCODEC\XBOX 360\RELEASE\PCM.OBJ
C:\USERS\ANDRE\DOWNLOADS\XBMC-360\XBMC360\LIBRARIES\LIBFFMPEG\VCPROJ\LIBAVCODEC\XBOX 360\RELEASE\PCM-MPEG.OBJ
C:\USERS\ANDRE\DOWNLOADS\XBMC-360\XBMC360\LIBRARIES\LIBFFMPEG\VCPROJ\LIBAVCODEC\XBOX 360\RELEASE\PCX.OBJ
C:\USERS\ANDRE\DOWNLOADS\XBMC-360\XBMC360\LIBRARIES\LIBFFMPEG\VCPROJ\LIBAVCODEC\XBOX 360\RELEASE\PCXENC.OBJ
C:\USERS\ANDRE\DOWNLOADS\XBMC-360\XBMC360\LIBRARIES\LIBFFMPEG\VCPROJ\LIBAVCODEC\XBOX 360\RELEASE\PGSSUBDEC.OBJ
C:\USERS\ANDRE\DOWNLOADS\XBMC-360\XBMC360\LIBRARIES\LIBFFMPEG\VCPROJ\LIBAVCODEC\XBOX 360\RELEASE\PNG.OBJ
C:\USERS\ANDRE\DOWNLOADS\XBMC-360\XBMC360\LIBRARIES\LIBFFMPEG\VCPROJ\LIBAVCODEC\XBOX 360\RELEASE\PNGDEC.OBJ
C:\USERS\ANDRE\DOWNLOADS\XBMC-360\XBMC360\LIBRARIES\LIBFFMPEG\VCPROJ\LIBAVCODEC\XBOX 360\RELEASE\PNGENC.OBJ
C:\USERS\ANDRE\DOWNLOADS\XBMC-360\XBMC360\LIBRARIES\LIBFFMPEG\VCPROJ\LIBAVCODEC\XBOX 360\RELEASE\PNM.OBJ
C:\USERS\ANDRE\DOWNLOADS\XBMC-360\XBMC360\LIBRARIES\LIBFFMPEG\VCPROJ\LIBAVCODEC\XBOX 360\RELEASE\PNM_PARSER.OBJ
C:\USERS\ANDRE\DOWNLOADS\XBMC-360\XBMC360\LIBRARIES\LIBFFMPEG\VCPROJ\LIBAVCODEC\XBOX 360\RELEASE\PNMDEC.OBJ
C:\USERS\ANDRE\DOWNLOADS\XBMC-360\XBMC360\LIBRARIES\LIBFFMPEG\VCPROJ\LIBAVCODEC\XBOX 360\RELEASE\PNMENC.OBJ
C:\USERS\ANDRE\DOWNLOADS\XBMC-360\XBMC360\LIBRARIES\LIBFFMPEG\VCPROJ\LIBAVCODEC\XBOX 360\RELEASE\PSYMODEL.OBJ
C:\USERS\ANDRE\DOWNLOADS\XBMC-360\XBMC360\LIBRARIES\LIBFFMPEG\VCPROJ\LIBAVCODEC\XBOX 360\RELEASE\PTX.OBJ
C:\USERS\ANDRE\DOWNLOADS\XBMC-360\XBMC360\LIBRARIES\LIBFFMPEG\VCPROJ\LIBAVCODEC\XBOX 360\RELEASE\QCELPDEC.OBJ
C:\USERS\ANDRE\DOWNLOADS\XBMC-360\XBMC360\LIBRARIES\LIBFFMPEG\VCPROJ\LIBAVCODEC\XBOX 360\RELEASE\QDM2.OBJ
C:\USERS\ANDRE\DOWNLOADS\XBMC-360\XBMC360\LIBRARIES\LIBFFMPEG\VCPROJ\LIBAVCODEC\XBOX 360\RELEASE\QDRW.OBJ
C:\USERS\ANDRE\DOWNLOADS\XBMC-360\XBMC360\LIBRARIES\LIBFFMPEG\VCPROJ\LIBAVCODEC\XBOX 360\RELEASE\QPEG.OBJ
C:\USERS\ANDRE\DOWNLOADS\XBMC-360\XBMC360\LIBRARIES\LIBFFMPEG\VCPROJ\LIBAVCODEC\XBOX 360\RELEASE\QTRLE.OBJ
C:\USERS\ANDRE\DOWNLOADS\XBMC-360\XBMC360\LIBRARIES\LIBFFMPEG\VCPROJ\LIBAVCODEC\XBOX 360\RELEASE\QTRLEENC.OBJ
C:\USERS\ANDRE\DOWNLOADS\XBMC-360\XBMC360\LIBRARIES\LIBFFMPEG\VCPROJ\LIBAVCODEC\XBOX 360\RELEASE\R210DEC.OBJ
C:\USERS\ANDRE\DOWNLOADS\XBMC-360\XBMC360\LIBRARIES\LIBFFMPEG\VCPROJ\LIBAVCODEC\XBOX 360\RELEASE\RA144.OBJ
C:\USERS\ANDRE\DOWNLOADS\XBMC-360\XBMC360\LIBRARIES\LIBFFMPEG\VCPROJ\LIBAVCODEC\XBOX 360\RELEASE\RA288.OBJ
C:\USERS\ANDRE\DOWNLOADS\XBMC-360\XBMC360\LIBRARIES\LIBFFMPEG\VCPROJ\LIBAVCODEC\XBOX 360\RELEASE\RANGECODER.OBJ
C:\USERS\ANDRE\DOWNLOADS\XBMC-360\XBMC360\LIBRARIES\LIBFFMPEG\VCPROJ\LIBAVCODEC\XBOX 360\RELEASE\RATECONTROL.OBJ
C:\USERS\ANDRE\DOWNLOADS\XBMC-360\XBMC360\LIBRARIES\LIBFFMPEG\VCPROJ\LIBAVCODEC\XBOX 360\RELEASE\RAW.OBJ
C:\USERS\ANDRE\DOWNLOADS\XBMC-360\XBMC360\LIBRARIES\LIBFFMPEG\VCPROJ\LIBAVCODEC\XBOX 360\RELEASE\RAWDEC.OBJ
C:\USERS\ANDRE\DOWNLOADS\XBMC-360\XBMC360\LIBRARIES\LIBFFMPEG\VCPROJ\LIBAVCODEC\XBOX 360\RELEASE\RAWENC.OBJ
C:\USERS\ANDRE\DOWNLOADS\XBMC-360\XBMC360\LIBRARIES\LIBFFMPEG\VCPROJ\LIBAVCODEC\XBOX 360\RELEASE\RDFT.OBJ
C:\USERS\ANDRE\DOWNLOADS\XBMC-360\XBMC360\LIBRARIES\LIBFFMPEG\VCPROJ\LIBAVCODEC\XBOX 360\RELEASE\REMOVE_EXTRADATA_BSF.OBJ
C:\USERS\ANDRE\DOWNLOADS\XBMC-360\XBMC360\LIBRARIES\LIBFFMPEG\VCPROJ\LIBAVCODEC\XBOX 360\RELEASE\RESAMPLE.OBJ
C:\USERS\ANDRE\DOWNLOADS\XBMC-360\XBMC360\LIBRARIES\LIBFFMPEG\VCPROJ\LIBAVCODEC\XBOX 360\RELEASE\RESAMPLE2.OBJ
C:\USERS\ANDRE\DOWNLOADS\XBMC-360\XBMC360\LIBRARIES\LIBFFMPEG\VCPROJ\LIBAVCODEC\XBOX 360\RELEASE\RL2.OBJ
C:\USERS\ANDRE\DOWNLOADS\XBMC-360\XBMC360\LIBRARIES\LIBFFMPEG\VCPROJ\LIBAVCODEC\XBOX 360\RELEASE\RLE.OBJ
C:\USERS\ANDRE\DOWNLOADS\XBMC-360\XBMC360\LIBRARIES\LIBFFMPEG\VCPROJ\LIBAVCODEC\XBOX 360\RELEASE\ROQAUDIOENC.OBJ
C:\USERS\ANDRE\DOWNLOADS\XBMC-360\XBMC360\LIBRARIES\LIBFFMPEG\VCPROJ\LIBAVCODEC\XBOX 360\RELEASE\ROQVIDEO.OBJ
C:\USERS\ANDRE\DOWNLOADS\XBMC-360\XBMC360\LIBRARIES\LIBFFMPEG\VCPROJ\LIBAVCODEC\XBOX 360\RELEASE\ROQVIDEODEC.OBJ
C:\USERS\ANDRE\DOWNLOADS\XBMC-360\XBMC360\LIBRARIES\LIBFFMPEG\VCPROJ\LIBAVCODEC\XBOX 360\RELEASE\ROQVIDEOENC.OBJ
C:\USERS\ANDRE\DOWNLOADS\XBMC-360\XBMC360\LIBRARIES\LIBFFMPEG\VCPROJ\LIBAVCODEC\XBOX 360\RELEASE\RPZA.OBJ
C:\USERS\ANDRE\DOWNLOADS\XBMC-360\XBMC360\LIBRARIES\LIBFFMPEG\VCPROJ\LIBAVCODEC\XBOX 360\RELEASE\RTJPEG.OBJ
C:\USERS\ANDRE\DOWNLOADS\XBMC-360\XBMC360\LIBRARIES\LIBFFMPEG\VCPROJ\LIBAVCODEC\XBOX 360\RELEASE\RV10.OBJ
C:\USERS\ANDRE\DOWNLOADS\XBMC-360\XBMC360\LIBRARIES\LIBFFMPEG\VCPROJ\LIBAVCODEC\XBOX 360\RELEASE\RV10ENC.OBJ
C:\USERS\ANDRE\DOWNLOADS\XBMC-360\XBMC360\LIBRARIES\LIBFFMPEG\VCPROJ\LIBAVCODEC\XBOX 360\RELEASE\RV20ENC.OBJ
C:\USERS\ANDRE\DOWNLOADS\XBMC-360\XBMC360\LIBRARIES\LIBFFMPEG\VCPROJ\LIBAVCODEC\XBOX 360\RELEASE\RV30.OBJ
C:\USERS\ANDRE\DOWNLOADS\XBMC-360\XBMC360\LIBRARIES\LIBFFMPEG\VCPROJ\LIBAVCODEC\XBOX 360\RELEASE\RV30DSP.OBJ
C:\USERS\ANDRE\DOWNLOADS\XBMC-360\XBMC360\LIBRARIES\LIBFFMPEG\VCPROJ\LIBAVCODEC\XBOX 360\RELEASE\RV34.OBJ
C:\USERS\ANDRE\DOWNLOADS\XBMC-360\XBMC360\LIBRARIES\LIBFFMPEG\VCPROJ\LIBAVCODEC\XBOX 360\RELEASE\RV40.OBJ
C:\USERS\ANDRE\DOWNLOADS\XBMC-360\XBMC360\LIBRARIES\LIBFFMPEG\VCPROJ\LIBAVCODEC\XBOX 360\RELEASE\RV40DSP.OBJ
C:\USERS\ANDRE\DOWNLOADS\XBMC-360\XBMC360\LIBRARIES\LIBFFMPEG\VCPROJ\LIBAVCODEC\XBOX 360\RELEASE\S3TC.OBJ
C:\USERS\ANDRE\DOWNLOADS\XBMC-360\XBMC360\LIBRARIES\LIBFFMPEG\VCPROJ\LIBAVCODEC\XBOX 360\RELEASE\SGIDEC.OBJ
C:\USERS\ANDRE\DOWNLOADS\XBMC-360\XBMC360\LIBRARIES\LIBFFMPEG\VCPROJ\LIBAVCODEC\XBOX 360\RELEASE\SGIENC.OBJ
C:\USERS\ANDRE\DOWNLOADS\XBMC-360\XBMC360\LIBRARIES\LIBFFMPEG\VCPROJ\LIBAVCODEC\XBOX 360\RELEASE\SHORTEN.OBJ
C:\USERS\ANDRE\DOWNLOADS\XBMC-360\XBMC360\LIBRARIES\LIBFFMPEG\VCPROJ\LIBAVCODEC\XBOX 360\RELEASE\SIMPLE_IDCT.OBJ
C:\USERS\ANDRE\DOWNLOADS\XBMC-360\XBMC360\LIBRARIES\LIBFFMPEG\VCPROJ\LIBAVCODEC\XBOX 360\RELEASE\SINEWIN.OBJ
C:\USERS\ANDRE\DOWNLOADS\XBMC-360\XBMC360\LIBRARIES\LIBFFMPEG\VCPROJ\LIBAVCODEC\XBOX 360\RELEASE\SIPR.OBJ
C:\USERS\ANDRE\DOWNLOADS\XBMC-360\XBMC360\LIBRARIES\LIBFFMPEG\VCPROJ\LIBAVCODEC\XBOX 360\RELEASE\SIPR16K.OBJ
C:\USERS\ANDRE\DOWNLOADS\XBMC-360\XBMC360\LIBRARIES\LIBFFMPEG\VCPROJ\LIBAVCODEC\XBOX 360\RELEASE\SMACKER.OBJ
C:\USERS\ANDRE\DOWNLOADS\XBMC-360\XBMC360\LIBRARIES\LIBFFMPEG\VCPROJ\LIBAVCODEC\XBOX 360\RELEASE\SMC.OBJ
C:\USERS\ANDRE\DOWNLOADS\XBMC-360\XBMC360\LIBRARIES\LIBFFMPEG\VCPROJ\LIBAVCODEC\XBOX 360\RELEASE\SNOW.OBJ
C:\USERS\ANDRE\DOWNLOADS\XBMC-360\XBMC360\LIBRARIES\LIBFFMPEG\VCPROJ\LIBAVCODEC\XBOX 360\RELEASE\SONIC.OBJ
C:\USERS\ANDRE\DOWNLOADS\XBMC-360\XBMC360\LIBRARIES\LIBFFMPEG\VCPROJ\LIBAVCODEC\XBOX 360\RELEASE\SP5XDEC.OBJ
C:\USERS\ANDRE\DOWNLOADS\XBMC-360\XBMC360\LIBRARIES\LIBFFMPEG\VCPROJ\LIBAVCODEC\XBOX 360\RELEASE\SUNRAST.OBJ
C:\USERS\ANDRE\DOWNLOADS\XBMC-360\XBMC360\LIBRARIES\LIBFFMPEG\VCPROJ\LIBAVCODEC\XBOX 360\RELEASE\SVQ1.OBJ
C:\USERS\ANDRE\DOWNLOADS\XBMC-360\XBMC360\LIBRARIES\LIBFFMPEG\VCPROJ\LIBAVCODEC\XBOX 360\RELEASE\SVQ1DEC.OBJ
C:\USERS\ANDRE\DOWNLOADS\XBMC-360\XBMC360\LIBRARIES\LIBFFMPEG\VCPROJ\LIBAVCODEC\XBOX 360\RELEASE\SVQ1ENC.OBJ
C:\USERS\ANDRE\DOWNLOADS\XBMC-360\XBMC360\LIBRARIES\LIBFFMPEG\VCPROJ\LIBAVCODEC\XBOX 360\RELEASE\SVQ3.OBJ
C:\USERS\ANDRE\DOWNLOADS\XBMC-360\XBMC360\LIBRARIES\LIBFFMPEG\VCPROJ\LIBAVCODEC\XBOX 360\RELEASE\SYNTH_FILTER.OBJ
C:\USERS\ANDRE\DOWNLOADS\XBMC-360\XBMC360\LIBRARIES\LIBFFMPEG\VCPROJ\LIBAVCODEC\XBOX 360\RELEASE\TABLEPRINT.OBJ
C:\USERS\ANDRE\DOWNLOADS\XBMC-360\XBMC360\LIBRARIES\LIBFFMPEG\VCPROJ\LIBAVCODEC\XBOX 360\RELEASE\TARGA.OBJ
C:\USERS\ANDRE\DOWNLOADS\XBMC-360\XBMC360\LIBRARIES\LIBFFMPEG\VCPROJ\LIBAVCODEC\XBOX 360\RELEASE\TARGAENC.OBJ
C:\USERS\ANDRE\DOWNLOADS\XBMC-360\XBMC360\LIBRARIES\LIBFFMPEG\VCPROJ\LIBAVCODEC\XBOX 360\RELEASE\TIERTEXSEQV.OBJ
C:\USERS\ANDRE\DOWNLOADS\XBMC-360\XBMC360\LIBRARIES\LIBFFMPEG\VCPROJ\LIBAVCODEC\XBOX 360\RELEASE\TIFF.OBJ
C:\USERS\ANDRE\DOWNLOADS\XBMC-360\XBMC360\LIBRARIES\LIBFFMPEG\VCPROJ\LIBAVCODEC\XBOX 360\RELEASE\TIFFENC.OBJ
C:\USERS\ANDRE\DOWNLOADS\XBMC-360\XBMC360\LIBRARIES\LIBFFMPEG\VCPROJ\LIBAVCODEC\XBOX 360\RELEASE\TMV.OBJ
C:\USERS\ANDRE\DOWNLOADS\XBMC-360\XBMC360\LIBRARIES\LIBFFMPEG\VCPROJ\LIBAVCODEC\XBOX 360\RELEASE\TRUEMOTION1.OBJ
C:\USERS\ANDRE\DOWNLOADS\XBMC-360\XBMC360\LIBRARIES\LIBFFMPEG\VCPROJ\LIBAVCODEC\XBOX 360\RELEASE\TRUEMOTION2.OBJ
C:\USERS\ANDRE\DOWNLOADS\XBMC-360\XBMC360\LIBRARIES\LIBFFMPEG\VCPROJ\LIBAVCODEC\XBOX 360\RELEASE\TRUESPEECH.OBJ
C:\USERS\ANDRE\DOWNLOADS\XBMC-360\XBMC360\LIBRARIES\LIBFFMPEG\VCPROJ\LIBAVCODEC\XBOX 360\RELEASE\TTA.OBJ
C:\USERS\ANDRE\DOWNLOADS\XBMC-360\XBMC360\LIBRARIES\LIBFFMPEG\VCPROJ\LIBAVCODEC\XBOX 360\RELEASE\TWINVQ.OBJ
C:\USERS\ANDRE\DOWNLOADS\XBMC-360\XBMC360\LIBRARIES\LIBFFMPEG\VCPROJ\LIBAVCODEC\XBOX 360\RELEASE\TXD.OBJ
C:\USERS\ANDRE\DOWNLOADS\XBMC-360\XBMC360\LIBRARIES\LIBFFMPEG\VCPROJ\LIBAVCODEC\XBOX 360\RELEASE\ULTI.OBJ
C:\USERS\ANDRE\DOWNLOADS\XBMC-360\XBMC360\LIBRARIES\LIBFFMPEG\VCPROJ\LIBAVCODEC\XBOX 360\RELEASE\UTILS.OBJ
C:\USERS\ANDRE\DOWNLOADS\XBMC-360\XBMC360\LIBRARIES\LIBFFMPEG\VCPROJ\LIBAVCODEC\XBOX 360\RELEASE\V210DEC.OBJ
C:\USERS\ANDRE\DOWNLOADS\XBMC-360\XBMC360\LIBRARIES\LIBFFMPEG\VCPROJ\LIBAVCODEC\XBOX 360\RELEASE\V210ENC.OBJ
C:\USERS\ANDRE\DOWNLOADS\XBMC-360\XBMC360\LIBRARIES\LIBFFMPEG\VCPROJ\LIBAVCODEC\XBOX 360\RELEASE\V210X.OBJ
C:\USERS\ANDRE\DOWNLOADS\XBMC-360\XBMC360\LIBRARIES\LIBFFMPEG\VCPROJ\LIBAVCODEC\XBOX 360\RELEASE\VAAPI.OBJ
C:\USERS\ANDRE\DOWNLOADS\XBMC-360\XBMC360\LIBRARIES\LIBFFMPEG\VCPROJ\LIBAVCODEC\XBOX 360\RELEASE\VAAPI_H264.OBJ
C:\USERS\ANDRE\DOWNLOADS\XBMC-360\XBMC360\LIBRARIES\LIBFFMPEG\VCPROJ\LIBAVCODEC\XBOX 360\RELEASE\VAAPI_MPEG2.OBJ
C:\USERS\ANDRE\DOWNLOADS\XBMC-360\XBMC360\LIBRARIES\LIBFFMPEG\VCPROJ\LIBAVCODEC\XBOX 360\RELEASE\VAAPI_MPEG4.OBJ
C:\USERS\ANDRE\DOWNLOADS\XBMC-360\XBMC360\LIBRARIES\LIBFFMPEG\VCPROJ\LIBAVCODEC\XBOX 360\RELEASE\VAAPI_VC1.OBJ
C:\USERS\ANDRE\DOWNLOADS\XBMC-360\XBMC360\LIBRARIES\LIBFFMPEG\VCPROJ\LIBAVCODEC\XBOX 360\RELEASE\VB.OBJ
C:\USERS\ANDRE\DOWNLOADS\XBMC-360\XBMC360\LIBRARIES\LIBFFMPEG\VCPROJ\LIBAVCODEC\XBOX 360\RELEASE\VC1.OBJ
C:\USERS\ANDRE\DOWNLOADS\XBMC-360\XBMC360\LIBRARIES\LIBFFMPEG\VCPROJ\LIBAVCODEC\XBOX 360\RELEASE\VC1_PARSER.OBJ
C:\USERS\ANDRE\DOWNLOADS\XBMC-360\XBMC360\LIBRARIES\LIBFFMPEG\VCPROJ\LIBAVCODEC\XBOX 360\RELEASE\VC100.PDB
C:\USERS\ANDRE\DOWNLOADS\XBMC-360\XBMC360\LIBRARIES\LIBFFMPEG\VCPROJ\LIBAVCODEC\XBOX 360\RELEASE\VC1DATA.OBJ
C:\USERS\ANDRE\DOWNLOADS\XBMC-360\XBMC360\LIBRARIES\LIBFFMPEG\VCPROJ\LIBAVCODEC\XBOX 360\RELEASE\VC1DEC.OBJ
C:\USERS\ANDRE\DOWNLOADS\XBMC-360\XBMC360\LIBRARIES\LIBFFMPEG\VCPROJ\LIBAVCODEC\XBOX 360\RELEASE\VC1DSP.OBJ
C:\USERS\ANDRE\DOWNLOADS\XBMC-360\XBMC360\LIBRARIES\LIBFFMPEG\VCPROJ\LIBAVCODEC\XBOX 360\RELEASE\VCR1.OBJ
C:\USERS\ANDRE\DOWNLOADS\XBMC-360\XBMC360\LIBRARIES\LIBFFMPEG\VCPROJ\LIBAVCODEC\XBOX 360\RELEASE\VDPAU.OBJ
C:\USERS\ANDRE\DOWNLOADS\XBMC-360\XBMC360\LIBRARIES\LIBFFMPEG\VCPROJ\LIBAVCODEC\XBOX 360\RELEASE\VMDAV.OBJ
C:\USERS\ANDRE\DOWNLOADS\XBMC-360\XBMC360\LIBRARIES\LIBFFMPEG\VCPROJ\LIBAVCODEC\XBOX 360\RELEASE\VMNC.OBJ
C:\USERS\ANDRE\DOWNLOADS\XBMC-360\XBMC360\LIBRARIES\LIBFFMPEG\VCPROJ\LIBAVCODEC\XBOX 360\RELEASE\VORBIS.OBJ
C:\USERS\ANDRE\DOWNLOADS\XBMC-360\XBMC360\LIBRARIES\LIBFFMPEG\VCPROJ\LIBAVCODEC\XBOX 360\RELEASE\VORBIS_DATA.OBJ
C:\USERS\ANDRE\DOWNLOADS\XBMC-360\XBMC360\LIBRARIES\LIBFFMPEG\VCPROJ\LIBAVCODEC\XBOX 360\RELEASE\VORBIS_DEC.OBJ
C:\USERS\ANDRE\DOWNLOADS\XBMC-360\XBMC360\LIBRARIES\LIBFFMPEG\VCPROJ\LIBAVCODEC\XBOX 360\RELEASE\VORBIS_ENC.OBJ
C:\USERS\ANDRE\DOWNLOADS\XBMC-360\XBMC360\LIBRARIES\LIBFFMPEG\VCPROJ\LIBAVCODEC\XBOX 360\RELEASE\VP3.OBJ
C:\USERS\ANDRE\DOWNLOADS\XBMC-360\XBMC360\LIBRARIES\LIBFFMPEG\VCPROJ\LIBAVCODEC\XBOX 360\RELEASE\VP3_PARSER.OBJ
C:\USERS\ANDRE\DOWNLOADS\XBMC-360\XBMC360\LIBRARIES\LIBFFMPEG\VCPROJ\LIBAVCODEC\XBOX 360\RELEASE\VP3DSP.OBJ
C:\USERS\ANDRE\DOWNLOADS\XBMC-360\XBMC360\LIBRARIES\LIBFFMPEG\VCPROJ\LIBAVCODEC\XBOX 360\RELEASE\VP5.OBJ
C:\USERS\ANDRE\DOWNLOADS\XBMC-360\XBMC360\LIBRARIES\LIBFFMPEG\VCPROJ\LIBAVCODEC\XBOX 360\RELEASE\VP56.OBJ
C:\USERS\ANDRE\DOWNLOADS\XBMC-360\XBMC360\LIBRARIES\LIBFFMPEG\VCPROJ\LIBAVCODEC\XBOX 360\RELEASE\VP56DATA.OBJ
C:\USERS\ANDRE\DOWNLOADS\XBMC-360\XBMC360\LIBRARIES\LIBFFMPEG\VCPROJ\LIBAVCODEC\XBOX 360\RELEASE\VP56DSP.OBJ
C:\USERS\ANDRE\DOWNLOADS\XBMC-360\XBMC360\LIBRARIES\LIBFFMPEG\VCPROJ\LIBAVCODEC\XBOX 360\RELEASE\VP56RAC.OBJ
C:\USERS\ANDRE\DOWNLOADS\XBMC-360\XBMC360\LIBRARIES\LIBFFMPEG\VCPROJ\LIBAVCODEC\XBOX 360\RELEASE\VP6.OBJ
C:\USERS\ANDRE\DOWNLOADS\XBMC-360\XBMC360\LIBRARIES\LIBFFMPEG\VCPROJ\LIBAVCODEC\XBOX 360\RELEASE\VP6DSP.OBJ
C:\USERS\ANDRE\DOWNLOADS\XBMC-360\XBMC360\LIBRARIES\LIBFFMPEG\VCPROJ\LIBAVCODEC\XBOX 360\RELEASE\VQAVIDEO.OBJ
C:\USERS\ANDRE\DOWNLOADS\XBMC-360\XBMC360\LIBRARIES\LIBFFMPEG\VCPROJ\LIBAVCODEC\XBOX 360\RELEASE\W32THREAD.OBJ
C:\USERS\ANDRE\DOWNLOADS\XBMC-360\XBMC360\LIBRARIES\LIBFFMPEG\VCPROJ\LIBAVCODEC\XBOX 360\RELEASE\WAVPACK.OBJ
C:\USERS\ANDRE\DOWNLOADS\XBMC-360\XBMC360\LIBRARIES\LIBFFMPEG\VCPROJ\LIBAVCODEC\XBOX 360\RELEASE\WMA.OBJ
C:\USERS\ANDRE\DOWNLOADS\XBMC-360\XBMC360\LIBRARIES\LIBFFMPEG\VCPROJ\LIBAVCODEC\XBOX 360\RELEASE\WMADEC.OBJ
C:\USERS\ANDRE\DOWNLOADS\XBMC-360\XBMC360\LIBRARIES\LIBFFMPEG\VCPROJ\LIBAVCODEC\XBOX 360\RELEASE\WMAENC.OBJ
C:\USERS\ANDRE\DOWNLOADS\XBMC-360\XBMC360\LIBRARIES\LIBFFMPEG\VCPROJ\LIBAVCODEC\XBOX 360\RELEASE\WMAPRODEC.OBJ
C:\USERS\ANDRE\DOWNLOADS\XBMC-360\XBMC360\LIBRARIES\LIBFFMPEG\VCPROJ\LIBAVCODEC\XBOX 360\RELEASE\WMAVOICE.OBJ
C:\USERS\ANDRE\DOWNLOADS\XBMC-360\XBMC360\LIBRARIES\LIBFFMPEG\VCPROJ\LIBAVCODEC\XBOX 360\RELEASE\WMV2.OBJ
C:\USERS\ANDRE\DOWNLOADS\XBMC-360\XBMC360\LIBRARIES\LIBFFMPEG\VCPROJ\LIBAVCODEC\XBOX 360\RELEASE\WMV2DEC.OBJ
C:\USERS\ANDRE\DOWNLOADS\XBMC-360\XBMC360\LIBRARIES\LIBFFMPEG\VCPROJ\LIBAVCODEC\XBOX 360\RELEASE\WMV2ENC.OBJ
C:\USERS\ANDRE\DOWNLOADS\XBMC-360\XBMC360\LIBRARIES\LIBFFMPEG\VCPROJ\LIBAVCODEC\XBOX 360\RELEASE\WNV1.OBJ
C:\USERS\ANDRE\DOWNLOADS\XBMC-360\XBMC360\LIBRARIES\LIBFFMPEG\VCPROJ\LIBAVCODEC\XBOX 360\RELEASE\WS-SND1.OBJ
C:\USERS\ANDRE\DOWNLOADS\XBMC-360\XBMC360\LIBRARIES\LIBFFMPEG\VCPROJ\LIBAVCODEC\XBOX 360\RELEASE\XAN.OBJ
C:\USERS\ANDRE\DOWNLOADS\XBMC-360\XBMC360\LIBRARIES\LIBFFMPEG\VCPROJ\LIBAVCODEC\XBOX 360\RELEASE\XB_THREAD.OBJ
C:\USERS\ANDRE\DOWNLOADS\XBMC-360\XBMC360\LIBRARIES\LIBFFMPEG\VCPROJ\LIBAVCODEC\XBOX 360\RELEASE\XIPH.OBJ
C:\USERS\ANDRE\DOWNLOADS\XBMC-360\XBMC360\LIBRARIES\LIBFFMPEG\VCPROJ\LIBAVCODEC\XBOX 360\RELEASE\XL.OBJ
C:\USERS\ANDRE\DOWNLOADS\XBMC-360\XBMC360\LIBRARIES\LIBFFMPEG\VCPROJ\LIBAVCODEC\XBOX 360\RELEASE\XSUBDEC.OBJ
C:\USERS\ANDRE\DOWNLOADS\XBMC-360\XBMC360\LIBRARIES\LIBFFMPEG\VCPROJ\LIBAVCODEC\XBOX 360\RELEASE\XSUBENC.OBJ
C:\USERS\ANDRE\DOWNLOADS\XBMC-360\XBMC360\LIBRARIES\LIBFFMPEG\VCPROJ\LIBAVCODEC\XBOX 360\RELEASE\YOP.OBJ
C:\USERS\ANDRE\DOWNLOADS\XBMC-360\XBMC360\LIBRARIES\LIBFFMPEG\VCPROJ\LIBAVCODEC\XBOX 360\RELEASE\ZMBV.OBJ
C:\USERS\ANDRE\DOWNLOADS\XBMC-360\XBMC360\LIBRARIES\LIBFFMPEG\VCPROJ\LIBAVCODEC\XBOX 360\RELEASE\ZMBVENC.OBJ
