C:\Users\andre\Downloads\XBMC-360\xbmc360\libraries\libfribidi\Release\cl.command.1.tlog
C:\Users\andre\Downloads\XBMC-360\xbmc360\libraries\libfribidi\Release\CL.read.1.tlog
C:\Users\andre\Downloads\XBMC-360\xbmc360\libraries\libfribidi\Release\CL.write.1.tlog
C:\USERS\ANDRE\DOWNLOADS\XBMC-360\XBMC360\LIBRARIES\LIBFRIBIDI\RELEASE\FRIBIDI.OBJ
C:\USERS\ANDRE\DOWNLOADS\XBMC-360\XBMC360\LIBRARIES\LIBFRIBIDI\RELEASE\FRIBIDI_CHAR_SETS.OBJ
C:\USERS\ANDRE\DOWNLOADS\XBMC-360\XBMC360\LIBRARIES\LIBFRIBIDI\RELEASE\FRIBIDI_CHAR_SETS_CAP_RTL.OBJ
C:\USERS\ANDRE\DOWNLOADS\XBMC-360\XBMC360\LIBRARIES\LIBFRIBIDI\RELEASE\FRIBIDI_CHAR_SETS_CP1255.OBJ
C:\USERS\ANDRE\DOWNLOADS\XBMC-360\XBMC360\LIBRARIES\LIBFRIBIDI\RELEASE\FRIBIDI_CHAR_SETS_CP1256.OBJ
C:\USERS\ANDRE\DOWNLOADS\XBMC-360\XBMC360\LIBRARIES\LIBFRIBIDI\RELEASE\FRIBIDI_CHAR_SETS_ISIRI_3342.OBJ
C:\USERS\ANDRE\DOWNLOADS\XBMC-360\XBMC360\LIBRARIES\LIBFRIBIDI\RELEASE\FRIBIDI_CHAR_SETS_ISO8859_6.OBJ
C:\USERS\ANDRE\DOWNLOADS\XBMC-360\XBMC360\LIBRARIES\LIBFRIBIDI\RELEASE\FRIBIDI_CHAR_SETS_ISO8859_8.OBJ
C:\USERS\ANDRE\DOWNLOADS\XBMC-360\XBMC360\LIBRARIES\LIBFRIBIDI\RELEASE\FRIBIDI_CHAR_SETS_UTF8.OBJ
C:\USERS\ANDRE\DOWNLOADS\XBMC-360\XBMC360\LIBRARIES\LIBFRIBIDI\RELEASE\FRIBIDI_CHAR_TYPE.OBJ
C:\USERS\ANDRE\DOWNLOADS\XBMC-360\XBMC360\LIBRARIES\LIBFRIBIDI\RELEASE\FRIBIDI_CREATE_CHAR_TYPES.OBJ
C:\USERS\ANDRE\DOWNLOADS\XBMC-360\XBMC360\LIBRARIES\LIBFRIBIDI\RELEASE\FRIBIDI_CREATE_MIRRORING.OBJ
C:\USERS\ANDRE\DOWNLOADS\XBMC-360\XBMC360\LIBRARIES\LIBFRIBIDI\RELEASE\FRIBIDI_MAIN.OBJ
C:\USERS\ANDRE\DOWNLOADS\XBMC-360\XBMC360\LIBRARIES\LIBFRIBIDI\RELEASE\FRIBIDI_MEM.OBJ
C:\USERS\ANDRE\DOWNLOADS\XBMC-360\XBMC360\LIBRARIES\LIBFRIBIDI\RELEASE\FRIBIDI_MIRRORING.OBJ
C:\USERS\ANDRE\DOWNLOADS\XBMC-360\XBMC360\LIBRARIES\LIBFRIBIDI\RELEASE\FRIBIDI_TYPES.OBJ
C:\USERS\ANDRE\DOWNLOADS\XBMC-360\XBMC360\LIBRARIES\LIBFRIBIDI\RELEASE\FRIBIDI_UTILS.OBJ
C:\USERS\ANDRE\DOWNLOADS\XBMC-360\XBMC360\LIBRARIES\LIBFRIBIDI\RELEASE\FRIBIDI_WCWIDTH.OBJ
C:\USERS\ANDRE\DOWNLOADS\XBMC-360\XBMC360\LIBRARIES\LIBFRIBIDI\RELEASE\GETOPT.OBJ
C:\USERS\ANDRE\DOWNLOADS\XBMC-360\XBMC360\LIBRARIES\LIBFRIBIDI\RELEASE\GETOPT1.OBJ
C:\Users\andre\Downloads\XBMC-360\xbmc360\libraries\libfribidi\Release\lib.command.1.tlog
C:\USERS\ANDRE\DOWNLOADS\XBMC-360\XBMC360\LIBRARIES\LIBFRIBIDI\RELEASE\LIBFRIBIDI.LIB
C:\Users\andre\Downloads\XBMC-360\xbmc360\libraries\libfribidi\Release\libfribidi.write.1.tlog
C:\Users\andre\Downloads\XBMC-360\xbmc360\libraries\libfribidi\Release\Lib-link.read.1.tlog
C:\Users\andre\Downloads\XBMC-360\xbmc360\libraries\libfribidi\Release\Lib-link.write.1.tlog
C:\USERS\ANDRE\DOWNLOADS\XBMC-360\XBMC360\LIBRARIES\LIBFRIBIDI\RELEASE\PACKTAB.OBJ
C:\USERS\ANDRE\DOWNLOADS\XBMC-360\XBMC360\LIBRARIES\LIBFRIBIDI\RELEASE\VC100.PDB
