C:\Users\andre\Downloads\libffmpeg\vcproj\libavutil\Debug\adler32.obj
C:\Users\andre\Downloads\libffmpeg\vcproj\libavutil\Debug\aes.obj
C:\Users\andre\Downloads\libffmpeg\vcproj\libavutil\Debug\audioconvert.obj
C:\Users\andre\Downloads\libffmpeg\vcproj\libavutil\Debug\avstring.obj
C:\Users\andre\Downloads\libffmpeg\vcproj\libavutil\Debug\base64.obj
C:\Users\andre\Downloads\libffmpeg\vcproj\libavutil\Debug\cl.command.1.tlog
C:\Users\andre\Downloads\libffmpeg\vcproj\libavutil\Debug\CL.read.1.tlog
C:\Users\andre\Downloads\libffmpeg\vcproj\libavutil\Debug\CL.write.1.tlog
C:\Users\andre\Downloads\libffmpeg\vcproj\libavutil\Debug\crc.obj
C:\Users\andre\Downloads\libffmpeg\vcproj\libavutil\Debug\des.obj
C:\Users\andre\Downloads\libffmpeg\vcproj\libavutil\Debug\DllEntry.obj
C:\Users\andre\Downloads\libffmpeg\vcproj\libavutil\Debug\error.obj
C:\Users\andre\Downloads\libffmpeg\vcproj\libavutil\Debug\fifo.obj
C:\Users\andre\Downloads\libffmpeg\vcproj\libavutil\Debug\imgutils.obj
C:\Users\andre\Downloads\libffmpeg\vcproj\libavutil\Debug\intfloat_readwrite.obj
C:\Users\andre\Downloads\libffmpeg\vcproj\libavutil\Debug\inverse.obj
C:\Users\andre\Downloads\libffmpeg\vcproj\libavutil\Debug\lfg.obj
C:\Users\andre\Downloads\libffmpeg\vcproj\libavutil\Debug\libavutil.write.1.tlog
C:\Users\andre\Downloads\libffmpeg\vcproj\libavutil\Debug\lls.obj
C:\Users\andre\Downloads\libffmpeg\vcproj\libavutil\Debug\log.obj
C:\Users\andre\Downloads\libffmpeg\vcproj\libavutil\Debug\lzo.obj
C:\Users\andre\Downloads\libffmpeg\vcproj\libavutil\Debug\mathematics.obj
C:\Users\andre\Downloads\libffmpeg\vcproj\libavutil\Debug\md5.obj
C:\Users\andre\Downloads\libffmpeg\vcproj\libavutil\Debug\mem.obj
C:\Users\andre\Downloads\libffmpeg\vcproj\libavutil\Debug\opt.obj
C:\Users\andre\Downloads\libffmpeg\vcproj\libavutil\Debug\pixdesc.obj
C:\Users\andre\Downloads\libffmpeg\vcproj\libavutil\Debug\rational.obj
C:\Users\andre\Downloads\libffmpeg\vcproj\libavutil\Debug\rc4.obj
C:\Users\andre\Downloads\libffmpeg\vcproj\libavutil\Debug\samplefmt.obj
C:\Users\andre\Downloads\libffmpeg\vcproj\libavutil\Debug\sha.obj
C:\Users\andre\Downloads\libffmpeg\vcproj\libavutil\Debug\tree.obj
C:\Users\andre\Downloads\libffmpeg\vcproj\libavutil\Debug\utils.obj
C:\Users\andre\Downloads\libffmpeg\vcproj\libavutil\Debug\vc100.idb
C:\Users\andre\Downloads\libffmpeg\vcproj\libavutil\Debug\vc100.pdb
C:\USERS\ANDRE\DOWNLOADS\XBMC-360\XBMC360\LIBRARIES\LIBFFMPEG\VCPROJ\LIBAVUTIL\DEBUG\ADLER32.OBJ
C:\USERS\ANDRE\DOWNLOADS\XBMC-360\XBMC360\LIBRARIES\LIBFFMPEG\VCPROJ\LIBAVUTIL\DEBUG\AES.OBJ
C:\USERS\ANDRE\DOWNLOADS\XBMC-360\XBMC360\LIBRARIES\LIBFFMPEG\VCPROJ\LIBAVUTIL\DEBUG\AUDIOCONVERT.OBJ
C:\USERS\ANDRE\DOWNLOADS\XBMC-360\XBMC360\LIBRARIES\LIBFFMPEG\VCPROJ\LIBAVUTIL\DEBUG\AVSTRING.OBJ
C:\USERS\ANDRE\DOWNLOADS\XBMC-360\XBMC360\LIBRARIES\LIBFFMPEG\VCPROJ\LIBAVUTIL\DEBUG\BASE64.OBJ
C:\USERS\ANDRE\DOWNLOADS\XBMC-360\XBMC360\LIBRARIES\LIBFFMPEG\VCPROJ\LIBAVUTIL\DEBUG\CRC.OBJ
C:\USERS\ANDRE\DOWNLOADS\XBMC-360\XBMC360\LIBRARIES\LIBFFMPEG\VCPROJ\LIBAVUTIL\DEBUG\DES.OBJ
C:\USERS\ANDRE\DOWNLOADS\XBMC-360\XBMC360\LIBRARIES\LIBFFMPEG\VCPROJ\LIBAVUTIL\DEBUG\DLLENTRY.OBJ
C:\USERS\ANDRE\DOWNLOADS\XBMC-360\XBMC360\LIBRARIES\LIBFFMPEG\VCPROJ\LIBAVUTIL\DEBUG\ERROR.OBJ
C:\USERS\ANDRE\DOWNLOADS\XBMC-360\XBMC360\LIBRARIES\LIBFFMPEG\VCPROJ\LIBAVUTIL\DEBUG\FIFO.OBJ
C:\USERS\ANDRE\DOWNLOADS\XBMC-360\XBMC360\LIBRARIES\LIBFFMPEG\VCPROJ\LIBAVUTIL\DEBUG\IMGUTILS.OBJ
C:\USERS\ANDRE\DOWNLOADS\XBMC-360\XBMC360\LIBRARIES\LIBFFMPEG\VCPROJ\LIBAVUTIL\DEBUG\INTFLOAT_READWRITE.OBJ
C:\USERS\ANDRE\DOWNLOADS\XBMC-360\XBMC360\LIBRARIES\LIBFFMPEG\VCPROJ\LIBAVUTIL\DEBUG\INVERSE.OBJ
C:\USERS\ANDRE\DOWNLOADS\XBMC-360\XBMC360\LIBRARIES\LIBFFMPEG\VCPROJ\LIBAVUTIL\DEBUG\LFG.OBJ
C:\USERS\ANDRE\DOWNLOADS\XBMC-360\XBMC360\LIBRARIES\LIBFFMPEG\VCPROJ\LIBAVUTIL\DEBUG\LLS.OBJ
C:\USERS\ANDRE\DOWNLOADS\XBMC-360\XBMC360\LIBRARIES\LIBFFMPEG\VCPROJ\LIBAVUTIL\DEBUG\LOG.OBJ
C:\USERS\ANDRE\DOWNLOADS\XBMC-360\XBMC360\LIBRARIES\LIBFFMPEG\VCPROJ\LIBAVUTIL\DEBUG\LZO.OBJ
C:\USERS\ANDRE\DOWNLOADS\XBMC-360\XBMC360\LIBRARIES\LIBFFMPEG\VCPROJ\LIBAVUTIL\DEBUG\MATHEMATICS.OBJ
C:\USERS\ANDRE\DOWNLOADS\XBMC-360\XBMC360\LIBRARIES\LIBFFMPEG\VCPROJ\LIBAVUTIL\DEBUG\MD5.OBJ
C:\USERS\ANDRE\DOWNLOADS\XBMC-360\XBMC360\LIBRARIES\LIBFFMPEG\VCPROJ\LIBAVUTIL\DEBUG\MEM.OBJ
C:\USERS\ANDRE\DOWNLOADS\XBMC-360\XBMC360\LIBRARIES\LIBFFMPEG\VCPROJ\LIBAVUTIL\DEBUG\OPT.OBJ
C:\USERS\ANDRE\DOWNLOADS\XBMC-360\XBMC360\LIBRARIES\LIBFFMPEG\VCPROJ\LIBAVUTIL\DEBUG\PIXDESC.OBJ
C:\USERS\ANDRE\DOWNLOADS\XBMC-360\XBMC360\LIBRARIES\LIBFFMPEG\VCPROJ\LIBAVUTIL\DEBUG\RATIONAL.OBJ
C:\USERS\ANDRE\DOWNLOADS\XBMC-360\XBMC360\LIBRARIES\LIBFFMPEG\VCPROJ\LIBAVUTIL\DEBUG\RC4.OBJ
C:\USERS\ANDRE\DOWNLOADS\XBMC-360\XBMC360\LIBRARIES\LIBFFMPEG\VCPROJ\LIBAVUTIL\DEBUG\SAMPLEFMT.OBJ
C:\USERS\ANDRE\DOWNLOADS\XBMC-360\XBMC360\LIBRARIES\LIBFFMPEG\VCPROJ\LIBAVUTIL\DEBUG\SHA.OBJ
C:\USERS\ANDRE\DOWNLOADS\XBMC-360\XBMC360\LIBRARIES\LIBFFMPEG\VCPROJ\LIBAVUTIL\DEBUG\TREE.OBJ
C:\USERS\ANDRE\DOWNLOADS\XBMC-360\XBMC360\LIBRARIES\LIBFFMPEG\VCPROJ\LIBAVUTIL\DEBUG\UTILS.OBJ
C:\USERS\ANDRE\DOWNLOADS\XBMC-360\XBMC360\LIBRARIES\LIBFFMPEG\VCPROJ\LIBAVUTIL\DEBUG\VC100.PDB
