Build started 17/09/2022 23:07:42.
     1>Project "C:\Users\andre\Downloads\XBMC-360\xbmc360\libraries\libffmpeg\vcproj\libavutil\libavutil.vcxproj" on node 2 (build target(s)).
     1>PrepareForBuild:
         Creating directory "C:\Users\andre\Downloads\XBMC-360\xbmc360\libraries\libffmpeg\vcproj\Debug\".
       InitializeBuildStatus:
         Touching "Debug\libavutil.unsuccessfulbuild".
       ClCompile:
         F:\Visual Studio\2010\VC\bin\CL.exe /c /I..\external\include /I..\.. /ZI /nologo /W3 /WX- /Od /Oy- /D WIN32 /D _DEBUG /D _WINDOWS /D _USRDLL /D DEBUG /D _WINDLL /Gm /EHsc /RTC1 /MDd /GS /fp:precise /Zc:wchar_t /Zc:forScope /Fo"Debug\\" /Fd"Debug\vc100.pdb" /Gd /TC /wd4305 /FIconfig.h /analyze- /errorReport:prompt ..\..\libavutil\adler32.c ..\..\libavutil\aes.c ..\..\libavutil\avstring.c ..\..\libavutil\base64.c ..\..\libavutil\crc.c ..\..\libavutil\des.c ..\external\DllEntry.c ..\..\libavutil\error.c ..\..\libavutil\eval.c ..\..\libavutil\fifo.c ..\..\libavutil\intfloat_readwrite.c ..\..\libavutil\lfg.c ..\..\libavutil\lls.c ..\..\libavutil\log.c ..\..\libavutil\lzo.c ..\..\libavutil\mathematics.c ..\..\libavutil\md5.c ..\..\libavutil\mem.c ..\..\libavutil\pixdesc.c ..\..\libavutil\random_seed.c ..\..\libavutil\rational.c ..\..\libavutil\rc4.c ..\..\libavutil\sha.c ..\..\libavutil\tree.c ..\..\libavutil\utils.c ..\..\libavutil\audioconvert.c ..\..\libavutil\imgutils.c ..\..\libavutil\inverse.c ..\..\libavutil\opt.c ..\..\libavutil\parseutils.c ..\..\libavutil\samplefmt.c
         samplefmt.c
     1>c:\users\andre\downloads\xbmc-360\xbmc360\libraries\libffmpeg\libavutil\samplefmt.c(68): warning C4996: '_snprintf': This function or variable may be unsafe. Consider using _snprintf_s instead. To disable deprecation, use _CRT_SECURE_NO_WARNINGS. See online help for details.
                 f:\visual studio\2010\vc\include\stdio.h(363) : see declaration of '_snprintf'
     1>c:\users\andre\downloads\xbmc-360\xbmc360\libraries\libffmpeg\libavutil\samplefmt.c(71): warning C4996: '_snprintf': This function or variable may be unsafe. Consider using _snprintf_s instead. To disable deprecation, use _CRT_SECURE_NO_WARNINGS. See online help for details.
                 f:\visual studio\2010\vc\include\stdio.h(363) : see declaration of '_snprintf'
         parseutils.c
     1>c:\users\andre\downloads\xbmc-360\xbmc360\libraries\libffmpeg\libavutil\parseutils.c(24): fatal error C1083: Cannot open include file: 'strings.h': No such file or directory
         opt.c
     1>c:\users\andre\downloads\xbmc-360\xbmc360\libraries\libffmpeg\libavutil\libm.h(81): warning C4244: 'return' : conversion from 'double' to 'long', possible loss of data
     1>c:\users\andre\downloads\xbmc-360\xbmc360\libraries\libffmpeg\libavutil\libm.h(102): warning C4244: 'return' : conversion from 'double' to 'float', possible loss of data
     1>c:\users\andre\downloads\xbmc-360\xbmc360\libraries\libffmpeg\libavutil\opt.c(72): warning C4244: '=' : conversion from 'int64_t' to 'int', possible loss of data
     1>c:\users\andre\downloads\xbmc-360\xbmc360\libraries\libffmpeg\libavutil\opt.c(74): warning C4244: '=' : conversion from 'double' to 'float', possible loss of data
     1>c:\users\andre\downloads\xbmc-360\xbmc360\libraries\libffmpeg\libavutil\opt.c(77): warning C4244: 'function' : conversion from 'double' to 'int', possible loss of data
     1>c:\users\andre\downloads\xbmc-360\xbmc360\libraries\libffmpeg\libavutil\opt.c(183): warning C4244: '=' : conversion from 'int64_t' to 'double', possible loss of data
     1>c:\users\andre\downloads\xbmc-360\xbmc360\libraries\libffmpeg\libavutil\opt.c(184): warning C4244: '=' : conversion from 'int64_t' to 'double', possible loss of data
     1>c:\users\andre\downloads\xbmc-360\xbmc360\libraries\libffmpeg\libavutil\opt.c(244): warning C4996: '_snprintf': This function or variable may be unsafe. Consider using _snprintf_s instead. To disable deprecation, use _CRT_SECURE_NO_WARNINGS. See online help for details.
                 f:\visual studio\2010\vc\include\stdio.h(363) : see declaration of '_snprintf'
     1>c:\users\andre\downloads\xbmc-360\xbmc360\libraries\libffmpeg\libavutil\opt.c(245): warning C4996: '_snprintf': This function or variable may be unsafe. Consider using _snprintf_s instead. To disable deprecation, use _CRT_SECURE_NO_WARNINGS. See online help for details.
                 f:\visual studio\2010\vc\include\stdio.h(363) : see declaration of '_snprintf'
     1>c:\users\andre\downloads\xbmc-360\xbmc360\libraries\libffmpeg\libavutil\opt.c(246): warning C4996: '_snprintf': This function or variable may be unsafe. Consider using _snprintf_s instead. To disable deprecation, use _CRT_SECURE_NO_WARNINGS. See online help for details.
                 f:\visual studio\2010\vc\include\stdio.h(363) : see declaration of '_snprintf'
     1>c:\users\andre\downloads\xbmc-360\xbmc360\libraries\libffmpeg\libavutil\opt.c(247): warning C4996: '_snprintf': This function or variable may be unsafe. Consider using _snprintf_s instead. To disable deprecation, use _CRT_SECURE_NO_WARNINGS. See online help for details.
                 f:\visual studio\2010\vc\include\stdio.h(363) : see declaration of '_snprintf'
     1>c:\users\andre\downloads\xbmc-360\xbmc360\libraries\libffmpeg\libavutil\opt.c(248): warning C4996: '_snprintf': This function or variable may be unsafe. Consider using _snprintf_s instead. To disable deprecation, use _CRT_SECURE_NO_WARNINGS. See online help for details.
                 f:\visual studio\2010\vc\include\stdio.h(363) : see declaration of '_snprintf'
     1>c:\users\andre\downloads\xbmc-360\xbmc360\libraries\libffmpeg\libavutil\opt.c(249): warning C4996: '_snprintf': This function or variable may be unsafe. Consider using _snprintf_s instead. To disable deprecation, use _CRT_SECURE_NO_WARNINGS. See online help for details.
                 f:\visual studio\2010\vc\include\stdio.h(363) : see declaration of '_snprintf'
     1>c:\users\andre\downloads\xbmc-360\xbmc360\libraries\libffmpeg\libavutil\opt.c(255): warning C4996: '_snprintf': This function or variable may be unsafe. Consider using _snprintf_s instead. To disable deprecation, use _CRT_SECURE_NO_WARNINGS. See online help for details.
                 f:\visual studio\2010\vc\include\stdio.h(363) : see declaration of '_snprintf'
     1>c:\users\andre\downloads\xbmc-360\xbmc360\libraries\libffmpeg\libavutil\opt.c(306): warning C4244: 'function' : conversion from 'int64_t' to 'int', possible loss of data
     1>c:\users\andre\downloads\xbmc-360\xbmc360\libraries\libffmpeg\libavutil\opt.c(318): warning C4244: 'return' : conversion from 'double' to 'int64_t', possible loss of data
     1>c:\users\andre\downloads\xbmc-360\xbmc360\libraries\libffmpeg\libavutil\opt.c(421): warning C4244: '=' : conversion from 'const double' to 'int', possible loss of data
     1>c:\users\andre\downloads\xbmc-360\xbmc360\libraries\libffmpeg\libavutil\opt.c(428): warning C4244: 'function' : conversion from 'const double' to 'int64_t', possible loss of data
         inverse.c
         imgutils.c
     1>c:\users\andre\downloads\xbmc-360\xbmc360\libraries\libffmpeg\libavutil\libm.h(81): warning C4244: 'return' : conversion from 'double' to 'long', possible loss of data
     1>c:\users\andre\downloads\xbmc-360\xbmc360\libraries\libffmpeg\libavutil\libm.h(102): warning C4244: 'return' : conversion from 'double' to 'float', possible loss of data
         audioconvert.c
     1>c:\users\andre\downloads\xbmc-360\xbmc360\libraries\libffmpeg\libavutil\audioconvert.c(101): warning C4996: '_snprintf': This function or variable may be unsafe. Consider using _snprintf_s instead. To disable deprecation, use _CRT_SECURE_NO_WARNINGS. See online help for details.
                 f:\visual studio\2010\vc\include\stdio.h(363) : see declaration of '_snprintf'
     1>c:\users\andre\downloads\xbmc-360\xbmc360\libraries\libffmpeg\libavutil\audioconvert.c(106): warning C4334: '<<' : result of 32-bit shift implicitly converted to 64 bits (was 64-bit shift intended?)
         utils.c
         tree.c
         sha.c
     1>c:\users\andre\downloads\xbmc-360\xbmc360\libraries\libffmpeg\libavutil\sha.c(192): warning C4101: 'T2' : unreferenced local variable
         rc4.c
         rational.c
     1>c:\users\andre\downloads\xbmc-360\xbmc360\libraries\libffmpeg\libavutil\rational.c(49): warning C4244: '=' : conversion from 'int64_t' to 'int', possible loss of data
     1>c:\users\andre\downloads\xbmc-360\xbmc360\libraries\libffmpeg\libavutil\rational.c(49): warning C4244: '=' : conversion from 'int64_t' to 'int', possible loss of data
     1>c:\users\andre\downloads\xbmc-360\xbmc360\libraries\libffmpeg\libavutil\rational.c(62): warning C4018: '>' : signed/unsigned mismatch
     1>c:\users\andre\downloads\xbmc-360\xbmc360\libraries\libffmpeg\libavutil\rational.c(64): warning C4018: '>' : signed/unsigned mismatch
     1>c:\users\andre\downloads\xbmc-360\xbmc360\libraries\libffmpeg\libavutil\rational.c(68): warning C4244: 'function' : conversion from 'uint64_t' to 'int', possible loss of data
     1>c:\users\andre\downloads\xbmc-360\xbmc360\libraries\libffmpeg\libavutil\rational.c(68): warning C4244: 'function' : conversion from 'uint64_t' to 'int', possible loss of data
     1>c:\users\andre\downloads\xbmc-360\xbmc360\libraries\libffmpeg\libavutil\rational.c(77): warning C4244: '=' : conversion from 'int64_t' to 'int', possible loss of data
     1>c:\users\andre\downloads\xbmc-360\xbmc360\libraries\libffmpeg\libavutil\rational.c(78): warning C4244: '=' : conversion from 'int64_t' to 'int', possible loss of data
         random_seed.c
     1>c:\users\andre\downloads\xbmc-360\xbmc360\libraries\libffmpeg\libavutil\random_seed.c(34): warning C4013: '_open' undefined; assuming extern returning int
     1>c:\users\andre\downloads\xbmc-360\xbmc360\libraries\libffmpeg\libavutil\random_seed.c(34): error C2065: 'O_RDONLY' : undeclared identifier
     1>c:\users\andre\downloads\xbmc-360\xbmc360\libraries\libffmpeg\libavutil\random_seed.c(39): warning C4013: 'read' undefined; assuming extern returning int
     1>c:\users\andre\downloads\xbmc-360\xbmc360\libraries\libffmpeg\libavutil\random_seed.c(40): warning C4013: 'close' undefined; assuming extern returning int
     1>c:\users\andre\downloads\xbmc-360\xbmc360\libraries\libffmpeg\libavutil\random_seed.c(77): warning C4244: 'return' : conversion from 'uint64_t' to 'uint32_t', possible loss of data
         pixdesc.c
     1>c:\users\andre\downloads\xbmc-360\xbmc360\libraries\libffmpeg\libavutil\pixdesc.c(107): warning C4244: '=' : conversion from 'uint16_t' to 'uint8_t', possible loss of data
     1>c:\users\andre\downloads\xbmc-360\xbmc360\libraries\libffmpeg\libavutil\pixdesc.c(110): warning C4244: '=' : conversion from 'uint16_t' to 'uint8_t', possible loss of data
     1>c:\users\andre\downloads\xbmc-360\xbmc360\libraries\libffmpeg\libavutil\pixdesc.c(1641): warning C4996: '_snprintf': This function or variable may be unsafe. Consider using _snprintf_s instead. To disable deprecation, use _CRT_SECURE_NO_WARNINGS. See online help for details.
                 f:\visual studio\2010\vc\include\stdio.h(363) : see declaration of '_snprintf'
     1>c:\users\andre\downloads\xbmc-360\xbmc360\libraries\libffmpeg\libavutil\pixdesc.c(1664): warning C4996: '_snprintf': This function or variable may be unsafe. Consider using _snprintf_s instead. To disable deprecation, use _CRT_SECURE_NO_WARNINGS. See online help for details.
                 f:\visual studio\2010\vc\include\stdio.h(363) : see declaration of '_snprintf'
     1>c:\users\andre\downloads\xbmc-360\xbmc360\libraries\libffmpeg\libavutil\pixdesc.c(1668): warning C4996: '_snprintf': This function or variable may be unsafe. Consider using _snprintf_s instead. To disable deprecation, use _CRT_SECURE_NO_WARNINGS. See online help for details.
                 f:\visual studio\2010\vc\include\stdio.h(363) : see declaration of '_snprintf'
         mem.c
     1>c:\users\andre\downloads\xbmc-360\xbmc360\libraries\libffmpeg\libavutil\mem.c(81): warning C4244: '=' : conversion from 'long' to 'char', possible loss of data
         md5.c
         mathematics.c
     1>c:\users\andre\downloads\xbmc-360\xbmc360\libraries\libffmpeg\libavutil\mathematics.c(75): warning C4090: 'return' : different 'const' qualifiers
     1>c:\users\andre\downloads\xbmc-360\xbmc360\libraries\libffmpeg\libavutil\mathematics.c(80): warning C4090: 'return' : different 'const' qualifiers
     1>c:\users\andre\downloads\xbmc-360\xbmc360\libraries\libffmpeg\libavutil\mathematics.c(85): warning C4090: 'return' : different 'const' qualifiers
     1>c:\users\andre\downloads\xbmc-360\xbmc360\libraries\libffmpeg\libavutil\mathematics.c(123): warning C4018: '<' : signed/unsigned mismatch
     1>c:\users\andre\downloads\xbmc-360\xbmc360\libraries\libffmpeg\libavutil\mathematics.c(129): warning C4018: '<=' : signed/unsigned mismatch
     1>c:\users\andre\downloads\xbmc-360\xbmc360\libraries\libffmpeg\libavutil\mathematics.c(166): warning C4018: '>' : signed/unsigned mismatch
         lzo.c
         log.c
     1>c:\users\andre\downloads\xbmc-360\xbmc360\libraries\libffmpeg\libavutil\log.c(66): warning C4996: 'getenv': This function or variable may be unsafe. Consider using _dupenv_s instead. To disable deprecation, use _CRT_SECURE_NO_WARNINGS. See online help for details.
                 f:\visual studio\2010\vc\include\stdlib.h(433) : see declaration of 'getenv'
     1>c:\users\andre\downloads\xbmc-360\xbmc360\libraries\libffmpeg\libavutil\log.c(120): warning C4996: '_snprintf': This function or variable may be unsafe. Consider using _snprintf_s instead. To disable deprecation, use _CRT_SECURE_NO_WARNINGS. See online help for details.
                 f:\visual studio\2010\vc\include\stdio.h(363) : see declaration of '_snprintf'
     1>c:\users\andre\downloads\xbmc-360\xbmc360\libraries\libffmpeg\libavutil\log.c(123): warning C4996: '_snprintf': This function or variable may be unsafe. Consider using _snprintf_s instead. To disable deprecation, use _CRT_SECURE_NO_WARNINGS. See online help for details.
                 f:\visual studio\2010\vc\include\stdio.h(363) : see declaration of '_snprintf'
     1>c:\users\andre\downloads\xbmc-360\xbmc360\libraries\libffmpeg\libavutil\log.c(126): warning C4996: 'vsnprintf': This function or variable may be unsafe. Consider using vsnprintf_s instead. To disable deprecation, use _CRT_SECURE_NO_WARNINGS. See online help for details.
                 f:\visual studio\2010\vc\include\stdio.h(354) : see declaration of 'vsnprintf'
     1>c:\users\andre\downloads\xbmc-360\xbmc360\libraries\libffmpeg\libavutil\log.c(131): warning C4013: 'isatty' undefined; assuming extern returning int
     1>c:\users\andre\downloads\xbmc-360\xbmc360\libraries\libffmpeg\libavutil\log.c(144): warning C4996: 'strcpy': This function or variable may be unsafe. Consider using strcpy_s instead. To disable deprecation, use _CRT_SECURE_NO_WARNINGS. See online help for details.
                 f:\visual studio\2010\vc\include\string.h(105) : see declaration of 'strcpy'
         lls.c
         lfg.c
         Generating Code...
         Compiling...
         intfloat_readwrite.c
     1>c:\users\andre\downloads\xbmc-360\xbmc360\libraries\libffmpeg\libavutil\intfloat_readwrite.c(42): warning C4244: 'function' : conversion from 'int64_t' to 'double', possible loss of data
     1>c:\users\andre\downloads\xbmc-360\xbmc360\libraries\libffmpeg\libavutil\intfloat_readwrite.c(50): warning C4244: 'return' : conversion from 'double' to 'float', possible loss of data
     1>c:\users\andre\downloads\xbmc-360\xbmc360\libraries\libffmpeg\libavutil\intfloat_readwrite.c(52): warning C4244: 'return' : conversion from 'double' to 'float', possible loss of data
     1>c:\users\andre\downloads\xbmc-360\xbmc360\libraries\libffmpeg\libavutil\intfloat_readwrite.c(72): warning C4146: unary minus operator applied to unsigned type, result still unsigned
     1>c:\users\andre\downloads\xbmc-360\xbmc360\libraries\libffmpeg\libavutil\intfloat_readwrite.c(73): warning C4244: 'function' : conversion from 'uint64_t' to 'double', possible loss of data
     1>c:\users\andre\downloads\xbmc-360\xbmc360\libraries\libffmpeg\libavutil\intfloat_readwrite.c(88): warning C4244: '=' : conversion from 'double' to 'float', possible loss of data
     1>c:\users\andre\downloads\xbmc-360\xbmc360\libraries\libffmpeg\libavutil\intfloat_readwrite.c(89): warning C4244: 'return' : conversion from 'int64_t' to 'int32_t', possible loss of data
     1>c:\users\andre\downloads\xbmc-360\xbmc360\libraries\libffmpeg\libavutil\intfloat_readwrite.c(103): warning C4244: '=' : conversion from 'uint64_t' to 'uint8_t', possible loss of data
         fifo.c
         eval.c
     1>c:\users\andre\downloads\xbmc-360\xbmc360\libraries\libffmpeg\libavutil\eval.c(29): fatal error C1083: Cannot open include file: 'xtl.h': No such file or directory
         error.c
     1>c:\users\andre\downloads\xbmc-360\xbmc360\libraries\libffmpeg\libavutil\error.c(52): warning C4996: '_snprintf': This function or variable may be unsafe. Consider using _snprintf_s instead. To disable deprecation, use _CRT_SECURE_NO_WARNINGS. See online help for details.
                 f:\visual studio\2010\vc\include\stdio.h(363) : see declaration of '_snprintf'
         DllEntry.c
     1>c:\users\andre\downloads\xbmc-360\xbmc360\libraries\libffmpeg\vcproj\external\dllentry.c(36): warning C4101: 'pomS' : unreferenced local variable
         des.c
     1>c:\users\andre\downloads\xbmc-360\xbmc360\libraries\libffmpeg\libavutil\des.c(277): warning C4244: 'function' : conversion from 'uint64_t' to 'uint32_t', possible loss of data
         crc.c
     1>c:\users\andre\downloads\xbmc-360\xbmc360\libraries\libffmpeg\libavutil\crc.c(79): warning C4146: unary minus operator applied to unsigned type, result still unsigned
         base64.c
         avstring.c
     1>c:\users\andre\downloads\xbmc-360\xbmc360\libraries\libffmpeg\libavutil\avstring.c(55): warning C4090: 'return' : different 'const' qualifiers
     1>c:\users\andre\downloads\xbmc-360\xbmc360\libraries\libffmpeg\libavutil\avstring.c(59): warning C4090: 'return' : different 'const' qualifiers
     1>c:\users\andre\downloads\xbmc-360\xbmc360\libraries\libffmpeg\libavutil\avstring.c(89): warning C4018: '>' : signed/unsigned mismatch
     1>c:\users\andre\downloads\xbmc-360\xbmc360\libraries\libffmpeg\libavutil\avstring.c(89): warning C4996: 'vsnprintf': This function or variable may be unsafe. Consider using vsnprintf_s instead. To disable deprecation, use _CRT_SECURE_NO_WARNINGS. See online help for details.
                 f:\visual studio\2010\vc\include\stdio.h(354) : see declaration of 'vsnprintf'
     1>c:\users\andre\downloads\xbmc-360\xbmc360\libraries\libffmpeg\libavutil\avstring.c(98): warning C4996: '_snprintf': This function or variable may be unsafe. Consider using _snprintf_s instead. To disable deprecation, use _CRT_SECURE_NO_WARNINGS. See online help for details.
                 f:\visual studio\2010\vc\include\stdio.h(363) : see declaration of '_snprintf'
         aes.c
     1>c:\users\andre\downloads\xbmc-360\xbmc360\libraries\libffmpeg\libavutil\aes.c(174): warning C4133: 'function' : incompatible types - from 'uint32_t [256]' to 'uint8_t *'
     1>c:\users\andre\downloads\xbmc-360\xbmc360\libraries\libffmpeg\libavutil\aes.c(175): warning C4133: 'function' : incompatible types - from 'uint32_t [256]' to 'uint8_t *'
         adler32.c
         Generating Code...
     1>Done Building Project "C:\Users\andre\Downloads\XBMC-360\xbmc360\libraries\libffmpeg\vcproj\libavutil\libavutil.vcxproj" (build target(s)) -- FAILED.

Build FAILED.

Time Elapsed 00:00:01.52
