C:\USERS\ANDRE\DOWNLOADS\XBMC-360\XBMC360\LIBRARIES\LIBFFMPEG\VCPROJ\LIBAVUTIL\RELEASE\LIBAVUTIL.LIB
C:\USERS\ANDRE\DOWNLOADS\XBMC-360\XBMC360\LIBRARIES\LIBFFMPEG\VCPROJ\LIBAVUTIL\XBOX 360\RELEASE\ADLER32.OBJ
C:\USERS\ANDRE\DOWNLOADS\XBMC-360\XBMC360\LIBRARIES\LIBFFMPEG\VCPROJ\LIBAVUTIL\XBOX 360\RELEASE\AES.OBJ
C:\USERS\ANDRE\DOWNLOADS\XBMC-360\XBMC360\LIBRARIES\LIBFFMPEG\VCPROJ\LIBAVUTIL\XBOX 360\RELEASE\AUDIOCONVERT.OBJ
C:\USERS\ANDRE\DOWNLOADS\XBMC-360\XBMC360\LIBRARIES\LIBFFMPEG\VCPROJ\LIBAVUTIL\XBOX 360\RELEASE\AVSTRING.OBJ
C:\USERS\ANDRE\DOWNLOADS\XBMC-360\XBMC360\LIBRARIES\LIBFFMPEG\VCPROJ\LIBAVUTIL\XBOX 360\RELEASE\BASE64.OBJ
C:\Users\andre\Downloads\XBMC-360\xbmc360\libraries\libffmpeg\vcproj\libavutil\Xbox 360\Release\cl.command.1.tlog
C:\Users\andre\Downloads\XBMC-360\xbmc360\libraries\libffmpeg\vcproj\libavutil\Xbox 360\Release\CL.read.1.tlog
C:\Users\andre\Downloads\XBMC-360\xbmc360\libraries\libffmpeg\vcproj\libavutil\Xbox 360\Release\CL.write.1.tlog
C:\USERS\ANDRE\DOWNLOADS\XBMC-360\XBMC360\LIBRARIES\LIBFFMPEG\VCPROJ\LIBAVUTIL\XBOX 360\RELEASE\CRC.OBJ
C:\USERS\ANDRE\DOWNLOADS\XBMC-360\XBMC360\LIBRARIES\LIBFFMPEG\VCPROJ\LIBAVUTIL\XBOX 360\RELEASE\DES.OBJ
C:\USERS\ANDRE\DOWNLOADS\XBMC-360\XBMC360\LIBRARIES\LIBFFMPEG\VCPROJ\LIBAVUTIL\XBOX 360\RELEASE\DLLENTRY.OBJ
C:\USERS\ANDRE\DOWNLOADS\XBMC-360\XBMC360\LIBRARIES\LIBFFMPEG\VCPROJ\LIBAVUTIL\XBOX 360\RELEASE\ERROR.OBJ
C:\USERS\ANDRE\DOWNLOADS\XBMC-360\XBMC360\LIBRARIES\LIBFFMPEG\VCPROJ\LIBAVUTIL\XBOX 360\RELEASE\EVAL.OBJ
C:\USERS\ANDRE\DOWNLOADS\XBMC-360\XBMC360\LIBRARIES\LIBFFMPEG\VCPROJ\LIBAVUTIL\XBOX 360\RELEASE\FIFO.OBJ
C:\USERS\ANDRE\DOWNLOADS\XBMC-360\XBMC360\LIBRARIES\LIBFFMPEG\VCPROJ\LIBAVUTIL\XBOX 360\RELEASE\IMGUTILS.OBJ
C:\USERS\ANDRE\DOWNLOADS\XBMC-360\XBMC360\LIBRARIES\LIBFFMPEG\VCPROJ\LIBAVUTIL\XBOX 360\RELEASE\INTFLOAT_READWRITE.OBJ
C:\USERS\ANDRE\DOWNLOADS\XBMC-360\XBMC360\LIBRARIES\LIBFFMPEG\VCPROJ\LIBAVUTIL\XBOX 360\RELEASE\INVERSE.OBJ
C:\USERS\ANDRE\DOWNLOADS\XBMC-360\XBMC360\LIBRARIES\LIBFFMPEG\VCPROJ\LIBAVUTIL\XBOX 360\RELEASE\LFG.OBJ
C:\Users\andre\Downloads\XBMC-360\xbmc360\libraries\libffmpeg\vcproj\libavutil\Xbox 360\Release\lib.command.1.tlog
C:\Users\andre\Downloads\XBMC-360\xbmc360\libraries\libffmpeg\vcproj\libavutil\Xbox 360\Release\libavutil.write.1.tlog
C:\Users\andre\Downloads\XBMC-360\xbmc360\libraries\libffmpeg\vcproj\libavutil\Xbox 360\Release\Lib-link.read.1.tlog
C:\Users\andre\Downloads\XBMC-360\xbmc360\libraries\libffmpeg\vcproj\libavutil\Xbox 360\Release\Lib-link.write.1.tlog
C:\USERS\ANDRE\DOWNLOADS\XBMC-360\XBMC360\LIBRARIES\LIBFFMPEG\VCPROJ\LIBAVUTIL\XBOX 360\RELEASE\LLS.OBJ
C:\USERS\ANDRE\DOWNLOADS\XBMC-360\XBMC360\LIBRARIES\LIBFFMPEG\VCPROJ\LIBAVUTIL\XBOX 360\RELEASE\LOG.OBJ
C:\USERS\ANDRE\DOWNLOADS\XBMC-360\XBMC360\LIBRARIES\LIBFFMPEG\VCPROJ\LIBAVUTIL\XBOX 360\RELEASE\LZO.OBJ
C:\USERS\ANDRE\DOWNLOADS\XBMC-360\XBMC360\LIBRARIES\LIBFFMPEG\VCPROJ\LIBAVUTIL\XBOX 360\RELEASE\MATHEMATICS.OBJ
C:\USERS\ANDRE\DOWNLOADS\XBMC-360\XBMC360\LIBRARIES\LIBFFMPEG\VCPROJ\LIBAVUTIL\XBOX 360\RELEASE\MD5.OBJ
C:\USERS\ANDRE\DOWNLOADS\XBMC-360\XBMC360\LIBRARIES\LIBFFMPEG\VCPROJ\LIBAVUTIL\XBOX 360\RELEASE\MEM.OBJ
C:\USERS\ANDRE\DOWNLOADS\XBMC-360\XBMC360\LIBRARIES\LIBFFMPEG\VCPROJ\LIBAVUTIL\XBOX 360\RELEASE\OPT.OBJ
C:\USERS\ANDRE\DOWNLOADS\XBMC-360\XBMC360\LIBRARIES\LIBFFMPEG\VCPROJ\LIBAVUTIL\XBOX 360\RELEASE\PARSEUTILS.OBJ
C:\USERS\ANDRE\DOWNLOADS\XBMC-360\XBMC360\LIBRARIES\LIBFFMPEG\VCPROJ\LIBAVUTIL\XBOX 360\RELEASE\PIXDESC.OBJ
C:\USERS\ANDRE\DOWNLOADS\XBMC-360\XBMC360\LIBRARIES\LIBFFMPEG\VCPROJ\LIBAVUTIL\XBOX 360\RELEASE\RANDOM_SEED.OBJ
C:\USERS\ANDRE\DOWNLOADS\XBMC-360\XBMC360\LIBRARIES\LIBFFMPEG\VCPROJ\LIBAVUTIL\XBOX 360\RELEASE\RATIONAL.OBJ
C:\USERS\ANDRE\DOWNLOADS\XBMC-360\XBMC360\LIBRARIES\LIBFFMPEG\VCPROJ\LIBAVUTIL\XBOX 360\RELEASE\RC4.OBJ
C:\USERS\ANDRE\DOWNLOADS\XBMC-360\XBMC360\LIBRARIES\LIBFFMPEG\VCPROJ\LIBAVUTIL\XBOX 360\RELEASE\SAMPLEFMT.OBJ
C:\USERS\ANDRE\DOWNLOADS\XBMC-360\XBMC360\LIBRARIES\LIBFFMPEG\VCPROJ\LIBAVUTIL\XBOX 360\RELEASE\SHA.OBJ
C:\USERS\ANDRE\DOWNLOADS\XBMC-360\XBMC360\LIBRARIES\LIBFFMPEG\VCPROJ\LIBAVUTIL\XBOX 360\RELEASE\TREE.OBJ
C:\USERS\ANDRE\DOWNLOADS\XBMC-360\XBMC360\LIBRARIES\LIBFFMPEG\VCPROJ\LIBAVUTIL\XBOX 360\RELEASE\UTILS.OBJ
C:\USERS\ANDRE\DOWNLOADS\XBMC-360\XBMC360\LIBRARIES\LIBFFMPEG\VCPROJ\LIBAVUTIL\XBOX 360\RELEASE\VC100.PDB
