C:\USERS\ANDRE\DOWNLOADS\XBMC-360\XBMC360\LIBRARIES\LIBFFMPEG\VCPROJ\LIBAVFORMAT\RELEASE\LIBAVFORMAT.LIB
C:\USERS\ANDRE\DOWNLOADS\XBMC-360\XBMC360\LIBRARIES\LIBFFMPEG\VCPROJ\LIBAVFORMAT\XBOX 360\RELEASE\4XM.OBJ
C:\USERS\ANDRE\DOWNLOADS\XBMC-360\XBMC360\LIBRARIES\LIBFFMPEG\VCPROJ\LIBAVFORMAT\XBOX 360\RELEASE\AACDEC.OBJ
C:\USERS\ANDRE\DOWNLOADS\XBMC-360\XBMC360\LIBRARIES\LIBFFMPEG\VCPROJ\LIBAVFORMAT\XBOX 360\RELEASE\AC3DEC.OBJ
C:\USERS\ANDRE\DOWNLOADS\XBMC-360\XBMC360\LIBRARIES\LIBFFMPEG\VCPROJ\LIBAVFORMAT\XBOX 360\RELEASE\ADTSENC.OBJ
C:\USERS\ANDRE\DOWNLOADS\XBMC-360\XBMC360\LIBRARIES\LIBFFMPEG\VCPROJ\LIBAVFORMAT\XBOX 360\RELEASE\AEA.OBJ
C:\USERS\ANDRE\DOWNLOADS\XBMC-360\XBMC360\LIBRARIES\LIBFFMPEG\VCPROJ\LIBAVFORMAT\XBOX 360\RELEASE\AIFFDEC.OBJ
C:\USERS\ANDRE\DOWNLOADS\XBMC-360\XBMC360\LIBRARIES\LIBFFMPEG\VCPROJ\LIBAVFORMAT\XBOX 360\RELEASE\AIFFENC.OBJ
C:\USERS\ANDRE\DOWNLOADS\XBMC-360\XBMC360\LIBRARIES\LIBFFMPEG\VCPROJ\LIBAVFORMAT\XBOX 360\RELEASE\ALLFORMATS.OBJ
C:\USERS\ANDRE\DOWNLOADS\XBMC-360\XBMC360\LIBRARIES\LIBFFMPEG\VCPROJ\LIBAVFORMAT\XBOX 360\RELEASE\AMR.OBJ
C:\USERS\ANDRE\DOWNLOADS\XBMC-360\XBMC360\LIBRARIES\LIBFFMPEG\VCPROJ\LIBAVFORMAT\XBOX 360\RELEASE\ANM.OBJ
C:\USERS\ANDRE\DOWNLOADS\XBMC-360\XBMC360\LIBRARIES\LIBFFMPEG\VCPROJ\LIBAVFORMAT\XBOX 360\RELEASE\APC.OBJ
C:\USERS\ANDRE\DOWNLOADS\XBMC-360\XBMC360\LIBRARIES\LIBFFMPEG\VCPROJ\LIBAVFORMAT\XBOX 360\RELEASE\APE.OBJ
C:\USERS\ANDRE\DOWNLOADS\XBMC-360\XBMC360\LIBRARIES\LIBFFMPEG\VCPROJ\LIBAVFORMAT\XBOX 360\RELEASE\APETAG.OBJ
C:\USERS\ANDRE\DOWNLOADS\XBMC-360\XBMC360\LIBRARIES\LIBFFMPEG\VCPROJ\LIBAVFORMAT\XBOX 360\RELEASE\ASF.OBJ
C:\USERS\ANDRE\DOWNLOADS\XBMC-360\XBMC360\LIBRARIES\LIBFFMPEG\VCPROJ\LIBAVFORMAT\XBOX 360\RELEASE\ASFCRYPT.OBJ
C:\USERS\ANDRE\DOWNLOADS\XBMC-360\XBMC360\LIBRARIES\LIBFFMPEG\VCPROJ\LIBAVFORMAT\XBOX 360\RELEASE\ASFDEC.OBJ
C:\USERS\ANDRE\DOWNLOADS\XBMC-360\XBMC360\LIBRARIES\LIBFFMPEG\VCPROJ\LIBAVFORMAT\XBOX 360\RELEASE\ASFENC.OBJ
C:\USERS\ANDRE\DOWNLOADS\XBMC-360\XBMC360\LIBRARIES\LIBFFMPEG\VCPROJ\LIBAVFORMAT\XBOX 360\RELEASE\ASSDEC.OBJ
C:\USERS\ANDRE\DOWNLOADS\XBMC-360\XBMC360\LIBRARIES\LIBFFMPEG\VCPROJ\LIBAVFORMAT\XBOX 360\RELEASE\ASSENC.OBJ
C:\USERS\ANDRE\DOWNLOADS\XBMC-360\XBMC360\LIBRARIES\LIBFFMPEG\VCPROJ\LIBAVFORMAT\XBOX 360\RELEASE\AU.OBJ
C:\USERS\ANDRE\DOWNLOADS\XBMC-360\XBMC360\LIBRARIES\LIBFFMPEG\VCPROJ\LIBAVFORMAT\XBOX 360\RELEASE\AUDIOINTERLEAVE.OBJ
C:\USERS\ANDRE\DOWNLOADS\XBMC-360\XBMC360\LIBRARIES\LIBFFMPEG\VCPROJ\LIBAVFORMAT\XBOX 360\RELEASE\AVC.OBJ
C:\USERS\ANDRE\DOWNLOADS\XBMC-360\XBMC360\LIBRARIES\LIBFFMPEG\VCPROJ\LIBAVFORMAT\XBOX 360\RELEASE\AVI.OBJ
C:\USERS\ANDRE\DOWNLOADS\XBMC-360\XBMC360\LIBRARIES\LIBFFMPEG\VCPROJ\LIBAVFORMAT\XBOX 360\RELEASE\AVIDEC.OBJ
C:\USERS\ANDRE\DOWNLOADS\XBMC-360\XBMC360\LIBRARIES\LIBFFMPEG\VCPROJ\LIBAVFORMAT\XBOX 360\RELEASE\AVIENC.OBJ
C:\USERS\ANDRE\DOWNLOADS\XBMC-360\XBMC360\LIBRARIES\LIBFFMPEG\VCPROJ\LIBAVFORMAT\XBOX 360\RELEASE\AVIO.OBJ
C:\USERS\ANDRE\DOWNLOADS\XBMC-360\XBMC360\LIBRARIES\LIBFFMPEG\VCPROJ\LIBAVFORMAT\XBOX 360\RELEASE\AVIOBUF.OBJ
C:\USERS\ANDRE\DOWNLOADS\XBMC-360\XBMC360\LIBRARIES\LIBFFMPEG\VCPROJ\LIBAVFORMAT\XBOX 360\RELEASE\AVLANGUAGE.OBJ
C:\USERS\ANDRE\DOWNLOADS\XBMC-360\XBMC360\LIBRARIES\LIBFFMPEG\VCPROJ\LIBAVFORMAT\XBOX 360\RELEASE\AVS.OBJ
C:\USERS\ANDRE\DOWNLOADS\XBMC-360\XBMC360\LIBRARIES\LIBFFMPEG\VCPROJ\LIBAVFORMAT\XBOX 360\RELEASE\BETHSOFTVID.OBJ
C:\USERS\ANDRE\DOWNLOADS\XBMC-360\XBMC360\LIBRARIES\LIBFFMPEG\VCPROJ\LIBAVFORMAT\XBOX 360\RELEASE\BFI.OBJ
C:\USERS\ANDRE\DOWNLOADS\XBMC-360\XBMC360\LIBRARIES\LIBFFMPEG\VCPROJ\LIBAVFORMAT\XBOX 360\RELEASE\BINK.OBJ
C:\USERS\ANDRE\DOWNLOADS\XBMC-360\XBMC360\LIBRARIES\LIBFFMPEG\VCPROJ\LIBAVFORMAT\XBOX 360\RELEASE\C93.OBJ
C:\USERS\ANDRE\DOWNLOADS\XBMC-360\XBMC360\LIBRARIES\LIBFFMPEG\VCPROJ\LIBAVFORMAT\XBOX 360\RELEASE\CAF.OBJ
C:\USERS\ANDRE\DOWNLOADS\XBMC-360\XBMC360\LIBRARIES\LIBFFMPEG\VCPROJ\LIBAVFORMAT\XBOX 360\RELEASE\CAFDEC.OBJ
C:\USERS\ANDRE\DOWNLOADS\XBMC-360\XBMC360\LIBRARIES\LIBFFMPEG\VCPROJ\LIBAVFORMAT\XBOX 360\RELEASE\CDG.OBJ
C:\Users\andre\Downloads\XBMC-360\xbmc360\libraries\libffmpeg\vcproj\libavformat\Xbox 360\Release\cl.command.1.tlog
C:\Users\andre\Downloads\XBMC-360\xbmc360\libraries\libffmpeg\vcproj\libavformat\Xbox 360\Release\CL.read.1.tlog
C:\Users\andre\Downloads\XBMC-360\xbmc360\libraries\libffmpeg\vcproj\libavformat\Xbox 360\Release\CL.write.1.tlog
C:\USERS\ANDRE\DOWNLOADS\XBMC-360\XBMC360\LIBRARIES\LIBFFMPEG\VCPROJ\LIBAVFORMAT\XBOX 360\RELEASE\CONCAT.OBJ
C:\USERS\ANDRE\DOWNLOADS\XBMC-360\XBMC360\LIBRARIES\LIBFFMPEG\VCPROJ\LIBAVFORMAT\XBOX 360\RELEASE\CRCENC.OBJ
C:\USERS\ANDRE\DOWNLOADS\XBMC-360\XBMC360\LIBRARIES\LIBFFMPEG\VCPROJ\LIBAVFORMAT\XBOX 360\RELEASE\CUTILS.OBJ
C:\USERS\ANDRE\DOWNLOADS\XBMC-360\XBMC360\LIBRARIES\LIBFFMPEG\VCPROJ\LIBAVFORMAT\XBOX 360\RELEASE\DAUD.OBJ
C:\USERS\ANDRE\DOWNLOADS\XBMC-360\XBMC360\LIBRARIES\LIBFFMPEG\VCPROJ\LIBAVFORMAT\XBOX 360\RELEASE\DLLENTRY.OBJ
C:\USERS\ANDRE\DOWNLOADS\XBMC-360\XBMC360\LIBRARIES\LIBFFMPEG\VCPROJ\LIBAVFORMAT\XBOX 360\RELEASE\DSICIN.OBJ
C:\USERS\ANDRE\DOWNLOADS\XBMC-360\XBMC360\LIBRARIES\LIBFFMPEG\VCPROJ\LIBAVFORMAT\XBOX 360\RELEASE\DTSDEC.OBJ
C:\USERS\ANDRE\DOWNLOADS\XBMC-360\XBMC360\LIBRARIES\LIBFFMPEG\VCPROJ\LIBAVFORMAT\XBOX 360\RELEASE\DV.OBJ
C:\USERS\ANDRE\DOWNLOADS\XBMC-360\XBMC360\LIBRARIES\LIBFFMPEG\VCPROJ\LIBAVFORMAT\XBOX 360\RELEASE\DVENC.OBJ
C:\USERS\ANDRE\DOWNLOADS\XBMC-360\XBMC360\LIBRARIES\LIBFFMPEG\VCPROJ\LIBAVFORMAT\XBOX 360\RELEASE\DXA.OBJ
C:\USERS\ANDRE\DOWNLOADS\XBMC-360\XBMC360\LIBRARIES\LIBFFMPEG\VCPROJ\LIBAVFORMAT\XBOX 360\RELEASE\EACDATA.OBJ
C:\USERS\ANDRE\DOWNLOADS\XBMC-360\XBMC360\LIBRARIES\LIBFFMPEG\VCPROJ\LIBAVFORMAT\XBOX 360\RELEASE\ELECTRONICARTS.OBJ
C:\USERS\ANDRE\DOWNLOADS\XBMC-360\XBMC360\LIBRARIES\LIBFFMPEG\VCPROJ\LIBAVFORMAT\XBOX 360\RELEASE\FFMDEC.OBJ
C:\USERS\ANDRE\DOWNLOADS\XBMC-360\XBMC360\LIBRARIES\LIBFFMPEG\VCPROJ\LIBAVFORMAT\XBOX 360\RELEASE\FFMENC.OBJ
C:\USERS\ANDRE\DOWNLOADS\XBMC-360\XBMC360\LIBRARIES\LIBFFMPEG\VCPROJ\LIBAVFORMAT\XBOX 360\RELEASE\FILE.OBJ
C:\USERS\ANDRE\DOWNLOADS\XBMC-360\XBMC360\LIBRARIES\LIBFFMPEG\VCPROJ\LIBAVFORMAT\XBOX 360\RELEASE\FILMSTRIPDEC.OBJ
C:\USERS\ANDRE\DOWNLOADS\XBMC-360\XBMC360\LIBRARIES\LIBFFMPEG\VCPROJ\LIBAVFORMAT\XBOX 360\RELEASE\FILMSTRIPENC.OBJ
C:\USERS\ANDRE\DOWNLOADS\XBMC-360\XBMC360\LIBRARIES\LIBFFMPEG\VCPROJ\LIBAVFORMAT\XBOX 360\RELEASE\FLACDEC.OBJ
C:\USERS\ANDRE\DOWNLOADS\XBMC-360\XBMC360\LIBRARIES\LIBFFMPEG\VCPROJ\LIBAVFORMAT\XBOX 360\RELEASE\FLACENC.OBJ
C:\USERS\ANDRE\DOWNLOADS\XBMC-360\XBMC360\LIBRARIES\LIBFFMPEG\VCPROJ\LIBAVFORMAT\XBOX 360\RELEASE\FLACENC_HEADER.OBJ
C:\USERS\ANDRE\DOWNLOADS\XBMC-360\XBMC360\LIBRARIES\LIBFFMPEG\VCPROJ\LIBAVFORMAT\XBOX 360\RELEASE\FLIC.OBJ
C:\USERS\ANDRE\DOWNLOADS\XBMC-360\XBMC360\LIBRARIES\LIBFFMPEG\VCPROJ\LIBAVFORMAT\XBOX 360\RELEASE\FLVDEC.OBJ
C:\USERS\ANDRE\DOWNLOADS\XBMC-360\XBMC360\LIBRARIES\LIBFFMPEG\VCPROJ\LIBAVFORMAT\XBOX 360\RELEASE\FLVENC.OBJ
C:\USERS\ANDRE\DOWNLOADS\XBMC-360\XBMC360\LIBRARIES\LIBFFMPEG\VCPROJ\LIBAVFORMAT\XBOX 360\RELEASE\FRAMECRCENC.OBJ
C:\USERS\ANDRE\DOWNLOADS\XBMC-360\XBMC360\LIBRARIES\LIBFFMPEG\VCPROJ\LIBAVFORMAT\XBOX 360\RELEASE\GIF.OBJ
C:\USERS\ANDRE\DOWNLOADS\XBMC-360\XBMC360\LIBRARIES\LIBFFMPEG\VCPROJ\LIBAVFORMAT\XBOX 360\RELEASE\GXF.OBJ
C:\USERS\ANDRE\DOWNLOADS\XBMC-360\XBMC360\LIBRARIES\LIBFFMPEG\VCPROJ\LIBAVFORMAT\XBOX 360\RELEASE\GXFENC.OBJ
C:\USERS\ANDRE\DOWNLOADS\XBMC-360\XBMC360\LIBRARIES\LIBFFMPEG\VCPROJ\LIBAVFORMAT\XBOX 360\RELEASE\H261DEC.OBJ
C:\USERS\ANDRE\DOWNLOADS\XBMC-360\XBMC360\LIBRARIES\LIBFFMPEG\VCPROJ\LIBAVFORMAT\XBOX 360\RELEASE\H263DEC.OBJ
C:\USERS\ANDRE\DOWNLOADS\XBMC-360\XBMC360\LIBRARIES\LIBFFMPEG\VCPROJ\LIBAVFORMAT\XBOX 360\RELEASE\H264DEC.OBJ
C:\USERS\ANDRE\DOWNLOADS\XBMC-360\XBMC360\LIBRARIES\LIBFFMPEG\VCPROJ\LIBAVFORMAT\XBOX 360\RELEASE\ID3V1.OBJ
C:\USERS\ANDRE\DOWNLOADS\XBMC-360\XBMC360\LIBRARIES\LIBFFMPEG\VCPROJ\LIBAVFORMAT\XBOX 360\RELEASE\ID3V2.OBJ
C:\USERS\ANDRE\DOWNLOADS\XBMC-360\XBMC360\LIBRARIES\LIBFFMPEG\VCPROJ\LIBAVFORMAT\XBOX 360\RELEASE\IDCIN.OBJ
C:\USERS\ANDRE\DOWNLOADS\XBMC-360\XBMC360\LIBRARIES\LIBFFMPEG\VCPROJ\LIBAVFORMAT\XBOX 360\RELEASE\IFF.OBJ
C:\USERS\ANDRE\DOWNLOADS\XBMC-360\XBMC360\LIBRARIES\LIBFFMPEG\VCPROJ\LIBAVFORMAT\XBOX 360\RELEASE\IMG2.OBJ
C:\USERS\ANDRE\DOWNLOADS\XBMC-360\XBMC360\LIBRARIES\LIBFFMPEG\VCPROJ\LIBAVFORMAT\XBOX 360\RELEASE\IPMOVIE.OBJ
C:\USERS\ANDRE\DOWNLOADS\XBMC-360\XBMC360\LIBRARIES\LIBFFMPEG\VCPROJ\LIBAVFORMAT\XBOX 360\RELEASE\ISOM.OBJ
C:\USERS\ANDRE\DOWNLOADS\XBMC-360\XBMC360\LIBRARIES\LIBFFMPEG\VCPROJ\LIBAVFORMAT\XBOX 360\RELEASE\ISS.OBJ
C:\USERS\ANDRE\DOWNLOADS\XBMC-360\XBMC360\LIBRARIES\LIBFFMPEG\VCPROJ\LIBAVFORMAT\XBOX 360\RELEASE\IV8.OBJ
C:\Users\andre\Downloads\XBMC-360\xbmc360\libraries\libffmpeg\vcproj\libavformat\Xbox 360\Release\lib.command.1.tlog
C:\Users\andre\Downloads\XBMC-360\xbmc360\libraries\libffmpeg\vcproj\libavformat\Xbox 360\Release\libavformat.write.1.tlog
C:\Users\andre\Downloads\XBMC-360\xbmc360\libraries\libffmpeg\vcproj\libavformat\Xbox 360\Release\Lib-link.read.1.tlog
C:\Users\andre\Downloads\XBMC-360\xbmc360\libraries\libffmpeg\vcproj\libavformat\Xbox 360\Release\Lib-link.write.1.tlog
C:\USERS\ANDRE\DOWNLOADS\XBMC-360\XBMC360\LIBRARIES\LIBFFMPEG\VCPROJ\LIBAVFORMAT\XBOX 360\RELEASE\LIBNUT.OBJ
C:\USERS\ANDRE\DOWNLOADS\XBMC-360\XBMC360\LIBRARIES\LIBFFMPEG\VCPROJ\LIBAVFORMAT\XBOX 360\RELEASE\LIBRTMP.OBJ
C:\USERS\ANDRE\DOWNLOADS\XBMC-360\XBMC360\LIBRARIES\LIBFFMPEG\VCPROJ\LIBAVFORMAT\XBOX 360\RELEASE\LMLM4.OBJ
C:\USERS\ANDRE\DOWNLOADS\XBMC-360\XBMC360\LIBRARIES\LIBFFMPEG\VCPROJ\LIBAVFORMAT\XBOX 360\RELEASE\M4VDEC.OBJ
C:\USERS\ANDRE\DOWNLOADS\XBMC-360\XBMC360\LIBRARIES\LIBFFMPEG\VCPROJ\LIBAVFORMAT\XBOX 360\RELEASE\MATROSKA.OBJ
C:\USERS\ANDRE\DOWNLOADS\XBMC-360\XBMC360\LIBRARIES\LIBFFMPEG\VCPROJ\LIBAVFORMAT\XBOX 360\RELEASE\MATROSKADEC.OBJ
C:\USERS\ANDRE\DOWNLOADS\XBMC-360\XBMC360\LIBRARIES\LIBFFMPEG\VCPROJ\LIBAVFORMAT\XBOX 360\RELEASE\MATROSKAENC.OBJ
C:\USERS\ANDRE\DOWNLOADS\XBMC-360\XBMC360\LIBRARIES\LIBFFMPEG\VCPROJ\LIBAVFORMAT\XBOX 360\RELEASE\METADATA.OBJ
C:\USERS\ANDRE\DOWNLOADS\XBMC-360\XBMC360\LIBRARIES\LIBFFMPEG\VCPROJ\LIBAVFORMAT\XBOX 360\RELEASE\METADATA_COMPAT.OBJ
C:\USERS\ANDRE\DOWNLOADS\XBMC-360\XBMC360\LIBRARIES\LIBFFMPEG\VCPROJ\LIBAVFORMAT\XBOX 360\RELEASE\MM.OBJ
C:\USERS\ANDRE\DOWNLOADS\XBMC-360\XBMC360\LIBRARIES\LIBFFMPEG\VCPROJ\LIBAVFORMAT\XBOX 360\RELEASE\MMF.OBJ
C:\USERS\ANDRE\DOWNLOADS\XBMC-360\XBMC360\LIBRARIES\LIBFFMPEG\VCPROJ\LIBAVFORMAT\XBOX 360\RELEASE\MOV.OBJ
C:\USERS\ANDRE\DOWNLOADS\XBMC-360\XBMC360\LIBRARIES\LIBFFMPEG\VCPROJ\LIBAVFORMAT\XBOX 360\RELEASE\MOVENC.OBJ
C:\USERS\ANDRE\DOWNLOADS\XBMC-360\XBMC360\LIBRARIES\LIBFFMPEG\VCPROJ\LIBAVFORMAT\XBOX 360\RELEASE\MOVENCHINT.OBJ
C:\USERS\ANDRE\DOWNLOADS\XBMC-360\XBMC360\LIBRARIES\LIBFFMPEG\VCPROJ\LIBAVFORMAT\XBOX 360\RELEASE\MP3DEC.OBJ
C:\USERS\ANDRE\DOWNLOADS\XBMC-360\XBMC360\LIBRARIES\LIBFFMPEG\VCPROJ\LIBAVFORMAT\XBOX 360\RELEASE\MPC.OBJ
C:\USERS\ANDRE\DOWNLOADS\XBMC-360\XBMC360\LIBRARIES\LIBFFMPEG\VCPROJ\LIBAVFORMAT\XBOX 360\RELEASE\MPC8.OBJ
C:\USERS\ANDRE\DOWNLOADS\XBMC-360\XBMC360\LIBRARIES\LIBFFMPEG\VCPROJ\LIBAVFORMAT\XBOX 360\RELEASE\MPEG.OBJ
C:\USERS\ANDRE\DOWNLOADS\XBMC-360\XBMC360\LIBRARIES\LIBFFMPEG\VCPROJ\LIBAVFORMAT\XBOX 360\RELEASE\MPEGENC.OBJ
C:\USERS\ANDRE\DOWNLOADS\XBMC-360\XBMC360\LIBRARIES\LIBFFMPEG\VCPROJ\LIBAVFORMAT\XBOX 360\RELEASE\MPEGTS.OBJ
C:\USERS\ANDRE\DOWNLOADS\XBMC-360\XBMC360\LIBRARIES\LIBFFMPEG\VCPROJ\LIBAVFORMAT\XBOX 360\RELEASE\MPEGTSENC.OBJ
C:\USERS\ANDRE\DOWNLOADS\XBMC-360\XBMC360\LIBRARIES\LIBFFMPEG\VCPROJ\LIBAVFORMAT\XBOX 360\RELEASE\MPEGVIDEODEC.OBJ
C:\USERS\ANDRE\DOWNLOADS\XBMC-360\XBMC360\LIBRARIES\LIBFFMPEG\VCPROJ\LIBAVFORMAT\XBOX 360\RELEASE\MPJPEG.OBJ
C:\USERS\ANDRE\DOWNLOADS\XBMC-360\XBMC360\LIBRARIES\LIBFFMPEG\VCPROJ\LIBAVFORMAT\XBOX 360\RELEASE\MSNWC_TCP.OBJ
C:\USERS\ANDRE\DOWNLOADS\XBMC-360\XBMC360\LIBRARIES\LIBFFMPEG\VCPROJ\LIBAVFORMAT\XBOX 360\RELEASE\MTV.OBJ
C:\USERS\ANDRE\DOWNLOADS\XBMC-360\XBMC360\LIBRARIES\LIBFFMPEG\VCPROJ\LIBAVFORMAT\XBOX 360\RELEASE\MVI.OBJ
C:\USERS\ANDRE\DOWNLOADS\XBMC-360\XBMC360\LIBRARIES\LIBFFMPEG\VCPROJ\LIBAVFORMAT\XBOX 360\RELEASE\MXF.OBJ
C:\USERS\ANDRE\DOWNLOADS\XBMC-360\XBMC360\LIBRARIES\LIBFFMPEG\VCPROJ\LIBAVFORMAT\XBOX 360\RELEASE\MXFDEC.OBJ
C:\USERS\ANDRE\DOWNLOADS\XBMC-360\XBMC360\LIBRARIES\LIBFFMPEG\VCPROJ\LIBAVFORMAT\XBOX 360\RELEASE\MXFENC.OBJ
C:\USERS\ANDRE\DOWNLOADS\XBMC-360\XBMC360\LIBRARIES\LIBFFMPEG\VCPROJ\LIBAVFORMAT\XBOX 360\RELEASE\NCDEC.OBJ
C:\USERS\ANDRE\DOWNLOADS\XBMC-360\XBMC360\LIBRARIES\LIBFFMPEG\VCPROJ\LIBAVFORMAT\XBOX 360\RELEASE\NSVDEC.OBJ
C:\USERS\ANDRE\DOWNLOADS\XBMC-360\XBMC360\LIBRARIES\LIBFFMPEG\VCPROJ\LIBAVFORMAT\XBOX 360\RELEASE\NUT.OBJ
C:\USERS\ANDRE\DOWNLOADS\XBMC-360\XBMC360\LIBRARIES\LIBFFMPEG\VCPROJ\LIBAVFORMAT\XBOX 360\RELEASE\NUTDEC.OBJ
C:\USERS\ANDRE\DOWNLOADS\XBMC-360\XBMC360\LIBRARIES\LIBFFMPEG\VCPROJ\LIBAVFORMAT\XBOX 360\RELEASE\NUTENC.OBJ
C:\USERS\ANDRE\DOWNLOADS\XBMC-360\XBMC360\LIBRARIES\LIBFFMPEG\VCPROJ\LIBAVFORMAT\XBOX 360\RELEASE\NUV.OBJ
C:\USERS\ANDRE\DOWNLOADS\XBMC-360\XBMC360\LIBRARIES\LIBFFMPEG\VCPROJ\LIBAVFORMAT\XBOX 360\RELEASE\OGGDEC.OBJ
C:\USERS\ANDRE\DOWNLOADS\XBMC-360\XBMC360\LIBRARIES\LIBFFMPEG\VCPROJ\LIBAVFORMAT\XBOX 360\RELEASE\OGGENC.OBJ
C:\USERS\ANDRE\DOWNLOADS\XBMC-360\XBMC360\LIBRARIES\LIBFFMPEG\VCPROJ\LIBAVFORMAT\XBOX 360\RELEASE\OGGPARSEDIRAC.OBJ
C:\USERS\ANDRE\DOWNLOADS\XBMC-360\XBMC360\LIBRARIES\LIBFFMPEG\VCPROJ\LIBAVFORMAT\XBOX 360\RELEASE\OGGPARSEFLAC.OBJ
C:\USERS\ANDRE\DOWNLOADS\XBMC-360\XBMC360\LIBRARIES\LIBFFMPEG\VCPROJ\LIBAVFORMAT\XBOX 360\RELEASE\OGGPARSEOGM.OBJ
C:\USERS\ANDRE\DOWNLOADS\XBMC-360\XBMC360\LIBRARIES\LIBFFMPEG\VCPROJ\LIBAVFORMAT\XBOX 360\RELEASE\OGGPARSESKELETON.OBJ
C:\USERS\ANDRE\DOWNLOADS\XBMC-360\XBMC360\LIBRARIES\LIBFFMPEG\VCPROJ\LIBAVFORMAT\XBOX 360\RELEASE\OGGPARSESPEEX.OBJ
C:\USERS\ANDRE\DOWNLOADS\XBMC-360\XBMC360\LIBRARIES\LIBFFMPEG\VCPROJ\LIBAVFORMAT\XBOX 360\RELEASE\OGGPARSETHEORA.OBJ
C:\USERS\ANDRE\DOWNLOADS\XBMC-360\XBMC360\LIBRARIES\LIBFFMPEG\VCPROJ\LIBAVFORMAT\XBOX 360\RELEASE\OGGPARSEVORBIS.OBJ
C:\USERS\ANDRE\DOWNLOADS\XBMC-360\XBMC360\LIBRARIES\LIBFFMPEG\VCPROJ\LIBAVFORMAT\XBOX 360\RELEASE\OMA.OBJ
C:\USERS\ANDRE\DOWNLOADS\XBMC-360\XBMC360\LIBRARIES\LIBFFMPEG\VCPROJ\LIBAVFORMAT\XBOX 360\RELEASE\OPTIONS.OBJ
C:\USERS\ANDRE\DOWNLOADS\XBMC-360\XBMC360\LIBRARIES\LIBFFMPEG\VCPROJ\LIBAVFORMAT\XBOX 360\RELEASE\OS_SUPPORT.OBJ
C:\USERS\ANDRE\DOWNLOADS\XBMC-360\XBMC360\LIBRARIES\LIBFFMPEG\VCPROJ\LIBAVFORMAT\XBOX 360\RELEASE\PCM.OBJ
C:\USERS\ANDRE\DOWNLOADS\XBMC-360\XBMC360\LIBRARIES\LIBFFMPEG\VCPROJ\LIBAVFORMAT\XBOX 360\RELEASE\PCMDEC.OBJ
C:\USERS\ANDRE\DOWNLOADS\XBMC-360\XBMC360\LIBRARIES\LIBFFMPEG\VCPROJ\LIBAVFORMAT\XBOX 360\RELEASE\PSXSTR.OBJ
C:\USERS\ANDRE\DOWNLOADS\XBMC-360\XBMC360\LIBRARIES\LIBFFMPEG\VCPROJ\LIBAVFORMAT\XBOX 360\RELEASE\PVA.OBJ
C:\USERS\ANDRE\DOWNLOADS\XBMC-360\XBMC360\LIBRARIES\LIBFFMPEG\VCPROJ\LIBAVFORMAT\XBOX 360\RELEASE\QCP.OBJ
C:\USERS\ANDRE\DOWNLOADS\XBMC-360\XBMC360\LIBRARIES\LIBFFMPEG\VCPROJ\LIBAVFORMAT\XBOX 360\RELEASE\R3D.OBJ
C:\USERS\ANDRE\DOWNLOADS\XBMC-360\XBMC360\LIBRARIES\LIBFFMPEG\VCPROJ\LIBAVFORMAT\XBOX 360\RELEASE\RAWDEC.OBJ
C:\USERS\ANDRE\DOWNLOADS\XBMC-360\XBMC360\LIBRARIES\LIBFFMPEG\VCPROJ\LIBAVFORMAT\XBOX 360\RELEASE\RDT.OBJ
C:\USERS\ANDRE\DOWNLOADS\XBMC-360\XBMC360\LIBRARIES\LIBFFMPEG\VCPROJ\LIBAVFORMAT\XBOX 360\RELEASE\RIFF.OBJ
C:\USERS\ANDRE\DOWNLOADS\XBMC-360\XBMC360\LIBRARIES\LIBFFMPEG\VCPROJ\LIBAVFORMAT\XBOX 360\RELEASE\RL2.OBJ
C:\USERS\ANDRE\DOWNLOADS\XBMC-360\XBMC360\LIBRARIES\LIBFFMPEG\VCPROJ\LIBAVFORMAT\XBOX 360\RELEASE\RM.OBJ
C:\USERS\ANDRE\DOWNLOADS\XBMC-360\XBMC360\LIBRARIES\LIBFFMPEG\VCPROJ\LIBAVFORMAT\XBOX 360\RELEASE\RMDEC.OBJ
C:\USERS\ANDRE\DOWNLOADS\XBMC-360\XBMC360\LIBRARIES\LIBFFMPEG\VCPROJ\LIBAVFORMAT\XBOX 360\RELEASE\RMENC.OBJ
C:\USERS\ANDRE\DOWNLOADS\XBMC-360\XBMC360\LIBRARIES\LIBFFMPEG\VCPROJ\LIBAVFORMAT\XBOX 360\RELEASE\RPL.OBJ
C:\USERS\ANDRE\DOWNLOADS\XBMC-360\XBMC360\LIBRARIES\LIBFFMPEG\VCPROJ\LIBAVFORMAT\XBOX 360\RELEASE\RTMPPKT.OBJ
C:\USERS\ANDRE\DOWNLOADS\XBMC-360\XBMC360\LIBRARIES\LIBFFMPEG\VCPROJ\LIBAVFORMAT\XBOX 360\RELEASE\RTP.OBJ
C:\USERS\ANDRE\DOWNLOADS\XBMC-360\XBMC360\LIBRARIES\LIBFFMPEG\VCPROJ\LIBAVFORMAT\XBOX 360\RELEASE\SDP.OBJ
C:\USERS\ANDRE\DOWNLOADS\XBMC-360\XBMC360\LIBRARIES\LIBFFMPEG\VCPROJ\LIBAVFORMAT\XBOX 360\RELEASE\SEEK.OBJ
C:\USERS\ANDRE\DOWNLOADS\XBMC-360\XBMC360\LIBRARIES\LIBFFMPEG\VCPROJ\LIBAVFORMAT\XBOX 360\RELEASE\SEGAFILM.OBJ
C:\USERS\ANDRE\DOWNLOADS\XBMC-360\XBMC360\LIBRARIES\LIBFFMPEG\VCPROJ\LIBAVFORMAT\XBOX 360\RELEASE\SIERRAVMD.OBJ
C:\USERS\ANDRE\DOWNLOADS\XBMC-360\XBMC360\LIBRARIES\LIBFFMPEG\VCPROJ\LIBAVFORMAT\XBOX 360\RELEASE\SIFF.OBJ
C:\USERS\ANDRE\DOWNLOADS\XBMC-360\XBMC360\LIBRARIES\LIBFFMPEG\VCPROJ\LIBAVFORMAT\XBOX 360\RELEASE\SMACKER.OBJ
C:\USERS\ANDRE\DOWNLOADS\XBMC-360\XBMC360\LIBRARIES\LIBFFMPEG\VCPROJ\LIBAVFORMAT\XBOX 360\RELEASE\SOL.OBJ
C:\USERS\ANDRE\DOWNLOADS\XBMC-360\XBMC360\LIBRARIES\LIBFFMPEG\VCPROJ\LIBAVFORMAT\XBOX 360\RELEASE\SOXDEC.OBJ
C:\USERS\ANDRE\DOWNLOADS\XBMC-360\XBMC360\LIBRARIES\LIBFFMPEG\VCPROJ\LIBAVFORMAT\XBOX 360\RELEASE\SOXENC.OBJ
C:\USERS\ANDRE\DOWNLOADS\XBMC-360\XBMC360\LIBRARIES\LIBFFMPEG\VCPROJ\LIBAVFORMAT\XBOX 360\RELEASE\SPDIF.OBJ
C:\USERS\ANDRE\DOWNLOADS\XBMC-360\XBMC360\LIBRARIES\LIBFFMPEG\VCPROJ\LIBAVFORMAT\XBOX 360\RELEASE\SWFDEC.OBJ
C:\USERS\ANDRE\DOWNLOADS\XBMC-360\XBMC360\LIBRARIES\LIBFFMPEG\VCPROJ\LIBAVFORMAT\XBOX 360\RELEASE\SWFENC.OBJ
C:\USERS\ANDRE\DOWNLOADS\XBMC-360\XBMC360\LIBRARIES\LIBFFMPEG\VCPROJ\LIBAVFORMAT\XBOX 360\RELEASE\THP.OBJ
C:\USERS\ANDRE\DOWNLOADS\XBMC-360\XBMC360\LIBRARIES\LIBFFMPEG\VCPROJ\LIBAVFORMAT\XBOX 360\RELEASE\TIERTEXSEQ.OBJ
C:\USERS\ANDRE\DOWNLOADS\XBMC-360\XBMC360\LIBRARIES\LIBFFMPEG\VCPROJ\LIBAVFORMAT\XBOX 360\RELEASE\TIMEFILTER.OBJ
C:\USERS\ANDRE\DOWNLOADS\XBMC-360\XBMC360\LIBRARIES\LIBFFMPEG\VCPROJ\LIBAVFORMAT\XBOX 360\RELEASE\TMV.OBJ
C:\USERS\ANDRE\DOWNLOADS\XBMC-360\XBMC360\LIBRARIES\LIBFFMPEG\VCPROJ\LIBAVFORMAT\XBOX 360\RELEASE\TTA.OBJ
C:\USERS\ANDRE\DOWNLOADS\XBMC-360\XBMC360\LIBRARIES\LIBFFMPEG\VCPROJ\LIBAVFORMAT\XBOX 360\RELEASE\TXD.OBJ
C:\USERS\ANDRE\DOWNLOADS\XBMC-360\XBMC360\LIBRARIES\LIBFFMPEG\VCPROJ\LIBAVFORMAT\XBOX 360\RELEASE\UTILS.OBJ
C:\USERS\ANDRE\DOWNLOADS\XBMC-360\XBMC360\LIBRARIES\LIBFFMPEG\VCPROJ\LIBAVFORMAT\XBOX 360\RELEASE\VC100.PDB
C:\USERS\ANDRE\DOWNLOADS\XBMC-360\XBMC360\LIBRARIES\LIBFFMPEG\VCPROJ\LIBAVFORMAT\XBOX 360\RELEASE\VC1TEST.OBJ
C:\USERS\ANDRE\DOWNLOADS\XBMC-360\XBMC360\LIBRARIES\LIBFFMPEG\VCPROJ\LIBAVFORMAT\XBOX 360\RELEASE\VC1TESTENC.OBJ
C:\USERS\ANDRE\DOWNLOADS\XBMC-360\XBMC360\LIBRARIES\LIBFFMPEG\VCPROJ\LIBAVFORMAT\XBOX 360\RELEASE\VOC.OBJ
C:\USERS\ANDRE\DOWNLOADS\XBMC-360\XBMC360\LIBRARIES\LIBFFMPEG\VCPROJ\LIBAVFORMAT\XBOX 360\RELEASE\VOCDEC.OBJ
C:\USERS\ANDRE\DOWNLOADS\XBMC-360\XBMC360\LIBRARIES\LIBFFMPEG\VCPROJ\LIBAVFORMAT\XBOX 360\RELEASE\VOCENC.OBJ
C:\USERS\ANDRE\DOWNLOADS\XBMC-360\XBMC360\LIBRARIES\LIBFFMPEG\VCPROJ\LIBAVFORMAT\XBOX 360\RELEASE\VORBISCOMMENT.OBJ
C:\USERS\ANDRE\DOWNLOADS\XBMC-360\XBMC360\LIBRARIES\LIBFFMPEG\VCPROJ\LIBAVFORMAT\XBOX 360\RELEASE\VQF.OBJ
C:\USERS\ANDRE\DOWNLOADS\XBMC-360\XBMC360\LIBRARIES\LIBFFMPEG\VCPROJ\LIBAVFORMAT\XBOX 360\RELEASE\WAV.OBJ
C:\USERS\ANDRE\DOWNLOADS\XBMC-360\XBMC360\LIBRARIES\LIBFFMPEG\VCPROJ\LIBAVFORMAT\XBOX 360\RELEASE\WC3MOVIE.OBJ
C:\USERS\ANDRE\DOWNLOADS\XBMC-360\XBMC360\LIBRARIES\LIBFFMPEG\VCPROJ\LIBAVFORMAT\XBOX 360\RELEASE\WESTWOOD.OBJ
C:\USERS\ANDRE\DOWNLOADS\XBMC-360\XBMC360\LIBRARIES\LIBFFMPEG\VCPROJ\LIBAVFORMAT\XBOX 360\RELEASE\WV.OBJ
C:\USERS\ANDRE\DOWNLOADS\XBMC-360\XBMC360\LIBRARIES\LIBFFMPEG\VCPROJ\LIBAVFORMAT\XBOX 360\RELEASE\XA.OBJ
C:\USERS\ANDRE\DOWNLOADS\XBMC-360\XBMC360\LIBRARIES\LIBFFMPEG\VCPROJ\LIBAVFORMAT\XBOX 360\RELEASE\YOP.OBJ
C:\USERS\ANDRE\DOWNLOADS\XBMC-360\XBMC360\LIBRARIES\LIBFFMPEG\VCPROJ\LIBAVFORMAT\XBOX 360\RELEASE\YUV4MPEG.OBJ
